2023-09-07T07:33:21.555Z [Modules] Modules initializing
2023-09-07T07:33:21.556Z [Modules] Distribution: remote
2023-09-07T07:33:21.556Z [Modules] Host updates: enabled
2023-09-07T07:33:21.556Z [Modules] Module updates: enabled
2023-09-07T07:33:21.557Z [Modules] Module install path: /home/mikkel/.config/discord/0.0.29/modules
2023-09-07T07:33:21.557Z [Modules] Module installed file path: /home/mikkel/.config/discord/0.0.29/modules/installed.json
2023-09-07T07:33:21.557Z [Modules] Module download path: /home/mikkel/.config/discord/0.0.29/modules/pending
2023-09-07T07:33:21.833Z [Modules] Bootstrapping...
2023-09-07T07:33:21.834Z [Modules] Installing discord_desktop_core@0 from /opt/discord/resources/bootstrap/discord_desktop_core.zip
2023-09-07T07:33:21.836Z [Modules] Failed installing discord_desktop_core@0: Error: ENOENT: no such file or directory, open '/opt/discord/resources/bootstrap/discord_desktop_core.zip'
2023-09-07T07:33:21.837Z [Modules] Installing discord_erlpack@0 from /opt/discord/resources/bootstrap/discord_erlpack.zip
2023-09-07T07:33:21.838Z [Modules] Failed installing discord_erlpack@0: Error: ENOENT: no such file or directory, open '/opt/discord/resources/bootstrap/discord_erlpack.zip'
2023-09-07T07:33:21.838Z [Modules] Installing discord_spellcheck@0 from /opt/discord/resources/bootstrap/discord_spellcheck.zip
2023-09-07T07:33:21.839Z [Modules] Failed installing discord_spellcheck@0: Error: ENOENT: no such file or directory, open '/opt/discord/resources/bootstrap/discord_spellcheck.zip'
2023-09-07T07:33:21.839Z [Modules] Installing discord_utils@0 from /opt/discord/resources/bootstrap/discord_utils.zip
2023-09-07T07:33:21.840Z [Modules] Failed installing discord_utils@0: Error: ENOENT: no such file or directory, open '/opt/discord/resources/bootstrap/discord_utils.zip'
2023-09-07T07:33:21.840Z [Modules] Installing discord_voice@0 from /opt/discord/resources/bootstrap/discord_voice.zip
2023-09-07T07:33:21.841Z [Modules] Failed installing discord_voice@0: Error: ENOENT: no such file or directory, open '/opt/discord/resources/bootstrap/discord_voice.zip'
2023-09-07T07:33:21.841Z [Modules] Finished module installations. [success: 0] [failure: 5]
2023-09-07T07:33:21.842Z [Modules] Checking for host updates.
2023-09-07T07:33:22.035Z [Modules] Host is up to date.
2023-09-07T07:33:22.036Z [Modules] Checking for module updates at https://discord.com/api/modules/stable/versions.json
2023-09-07T07:33:22.076Z [Modules] Module update available: discord_desktop_core@1 [installed: 0]
2023-09-07T07:33:22.076Z [Modules] Module update available: discord_erlpack@1 [installed: 0]
2023-09-07T07:33:22.076Z [Modules] Module update available: discord_spellcheck@1 [installed: 0]
2023-09-07T07:33:22.077Z [Modules] Module update available: discord_utils@1 [installed: 0]
2023-09-07T07:33:22.077Z [Modules] Module update available: discord_voice@1 [installed: 0]
2023-09-07T07:33:22.078Z [Modules] Fetching discord_desktop_core@1 from https://discord.com/api/modules/stable/discord_desktop_core/1
2023-09-07T07:33:22.079Z [Modules] Streaming discord_desktop_core@1 to /home/mikkel/.config/discord/0.0.29/modules/pending/discord_desktop_core-1.zip
2023-09-07T07:33:22.275Z [Modules] Streaming discord_desktop_core@1 to /home/mikkel/.config/discord/0.0.29/modules/pending/discord_desktop_core-1.zip: 1%
2023-09-07T07:33:22.278Z [Modules] Streaming discord_desktop_core@1 to /home/mikkel/.config/discord/0.0.29/modules/pending/discord_desktop_core-1.zip: 2%
2023-09-07T07:33:22.283Z [Modules] Streaming discord_desktop_core@1 to /home/mikkel/.config/discord/0.0.29/modules/pending/discord_desktop_core-1.zip: 5%
2023-09-07T07:33:22.284Z [Modules] Streaming discord_desktop_core@1 to /home/mikkel/.config/discord/0.0.29/modules/pending/discord_desktop_core-1.zip: 6%
2023-09-07T07:33:22.290Z [Modules] Streaming discord_desktop_core@1 to /home/mikkel/.config/discord/0.0.29/modules/pending/discord_desktop_core-1.zip: 9%
2023-09-07T07:33:22.293Z [Modules] Streaming discord_desktop_core@1 to /home/mikkel/.config/discord/0.0.29/modules/pending/discord_desktop_core-1.zip: 10%
2023-09-07T07:33:22.297Z [Modules] Streaming discord_desktop_core@1 to /home/mikkel/.config/discord/0.0.29/modules/pending/discord_desktop_core-1.zip: 11%
2023-09-07T07:33:22.300Z [Modules] Streaming discord_desktop_core@1 to /home/mikkel/.config/discord/0.0.29/modules/pending/discord_desktop_core-1.zip: 13%
2023-09-07T07:33:22.302Z [Modules] Streaming discord_desktop_core@1 to /home/mikkel/.config/discord/0.0.29/modules/pending/discord_desktop_core-1.zip: 15%
2023-09-07T07:33:22.304Z [Modules] Streaming discord_desktop_core@1 to /home/mikkel/.config/discord/0.0.29/modules/pending/discord_desktop_core-1.zip: 16%
2023-09-07T07:33:22.308Z [Modules] Streaming discord_desktop_core@1 to /home/mikkel/.config/discord/0.0.29/modules/pending/discord_desktop_core-1.zip: 18%
2023-09-07T07:33:22.309Z [Modules] Streaming discord_desktop_core@1 to /home/mikkel/.config/discord/0.0.29/modules/pending/discord_desktop_core-1.zip: 19%
2023-09-07T07:33:22.314Z [Modules] Streaming discord_desktop_core@1 to /home/mikkel/.config/discord/0.0.29/modules/pending/discord_desktop_core-1.zip: 20%
2023-09-07T07:33:22.315Z [Modules] Streaming discord_desktop_core@1 to /home/mikkel/.config/discord/0.0.29/modules/pending/discord_desktop_core-1.zip: 22%
2023-09-07T07:33:22.316Z [Modules] Streaming discord_desktop_core@1 to /home/mikkel/.config/discord/0.0.29/modules/pending/discord_desktop_core-1.zip: 23%
2023-09-07T07:33:22.318Z [Modules] Streaming discord_desktop_core@1 to /home/mikkel/.config/discord/0.0.29/modules/pending/discord_desktop_core-1.zip: 24%
2023-09-07T07:33:22.322Z [Modules] Streaming discord_desktop_core@1 to /home/mikkel/.config/discord/0.0.29/modules/pending/discord_desktop_core-1.zip: 25%
2023-09-07T07:33:22.324Z [Modules] Streaming discord_desktop_core@1 to /home/mikkel/.config/discord/0.0.29/modules/pending/discord_desktop_core-1.zip: 27%
2023-09-07T07:33:22.327Z [Modules] Streaming discord_desktop_core@1 to /home/mikkel/.config/discord/0.0.29/modules/pending/discord_desktop_core-1.zip: 28%
2023-09-07T07:33:22.331Z [Modules] Streaming discord_desktop_core@1 to /home/mikkel/.config/discord/0.0.29/modules/pending/discord_desktop_core-1.zip: 31%
2023-09-07T07:33:22.334Z [Modules] Streaming discord_desktop_core@1 to /home/mikkel/.config/discord/0.0.29/modules/pending/discord_desktop_core-1.zip: 32%
2023-09-07T07:33:22.336Z [Modules] Streaming discord_desktop_core@1 to /home/mikkel/.config/discord/0.0.29/modules/pending/discord_desktop_core-1.zip: 33%
2023-09-07T07:33:22.340Z [Modules] Streaming discord_desktop_core@1 to /home/mikkel/.config/discord/0.0.29/modules/pending/discord_desktop_core-1.zip: 35%
2023-09-07T07:33:22.341Z [Modules] Streaming discord_desktop_core@1 to /home/mikkel/.config/discord/0.0.29/modules/pending/discord_desktop_core-1.zip: 36%
2023-09-07T07:33:22.343Z [Modules] Streaming discord_desktop_core@1 to /home/mikkel/.config/discord/0.0.29/modules/pending/discord_desktop_core-1.zip: 37%
2023-09-07T07:33:22.345Z [Modules] Streaming discord_desktop_core@1 to /home/mikkel/.config/discord/0.0.29/modules/pending/discord_desktop_core-1.zip: 38%
2023-09-07T07:33:22.349Z [Modules] Streaming discord_desktop_core@1 to /home/mikkel/.config/discord/0.0.29/modules/pending/discord_desktop_core-1.zip: 40%
2023-09-07T07:33:22.351Z [Modules] Streaming discord_desktop_core@1 to /home/mikkel/.config/discord/0.0.29/modules/pending/discord_desktop_core-1.zip: 41%
2023-09-07T07:33:22.352Z [Modules] Streaming discord_desktop_core@1 to /home/mikkel/.config/discord/0.0.29/modules/pending/discord_desktop_core-1.zip: 42%
2023-09-07T07:33:22.358Z [Modules] Streaming discord_desktop_core@1 to /home/mikkel/.config/discord/0.0.29/modules/pending/discord_desktop_core-1.zip: 44%
2023-09-07T07:33:22.361Z [Modules] Streaming discord_desktop_core@1 to /home/mikkel/.config/discord/0.0.29/modules/pending/discord_desktop_core-1.zip: 46%
2023-09-07T07:33:22.366Z [Modules] Streaming discord_desktop_core@1 to /home/mikkel/.config/discord/0.0.29/modules/pending/discord_desktop_core-1.zip: 49%
2023-09-07T07:33:22.369Z [Modules] Streaming discord_desktop_core@1 to /home/mikkel/.config/discord/0.0.29/modules/pending/discord_desktop_core-1.zip: 51%
2023-09-07T07:33:22.372Z [Modules] Streaming discord_desktop_core@1 to /home/mikkel/.config/discord/0.0.29/modules/pending/discord_desktop_core-1.zip: 52%
2023-09-07T07:33:22.375Z [Modules] Streaming discord_desktop_core@1 to /home/mikkel/.config/discord/0.0.29/modules/pending/discord_desktop_core-1.zip: 53%
2023-09-07T07:33:22.378Z [Modules] Streaming discord_desktop_core@1 to /home/mikkel/.config/discord/0.0.29/modules/pending/discord_desktop_core-1.zip: 55%
2023-09-07T07:33:22.380Z [Modules] Streaming discord_desktop_core@1 to /home/mikkel/.config/discord/0.0.29/modules/pending/discord_desktop_core-1.zip: 56%
2023-09-07T07:33:22.381Z [Modules] Streaming discord_desktop_core@1 to /home/mikkel/.config/discord/0.0.29/modules/pending/discord_desktop_core-1.zip: 57%
2023-09-07T07:33:22.386Z [Modules] Streaming discord_desktop_core@1 to /home/mikkel/.config/discord/0.0.29/modules/pending/discord_desktop_core-1.zip: 59%
2023-09-07T07:33:22.389Z [Modules] Streaming discord_desktop_core@1 to /home/mikkel/.config/discord/0.0.29/modules/pending/discord_desktop_core-1.zip: 61%
2023-09-07T07:33:22.390Z [Modules] Streaming discord_desktop_core@1 to /home/mikkel/.config/discord/0.0.29/modules/pending/discord_desktop_core-1.zip: 62%
2023-09-07T07:33:22.394Z [Modules] Streaming discord_desktop_core@1 to /home/mikkel/.config/discord/0.0.29/modules/pending/discord_desktop_core-1.zip: 63%
2023-09-07T07:33:22.396Z [Modules] Streaming discord_desktop_core@1 to /home/mikkel/.config/discord/0.0.29/modules/pending/discord_desktop_core-1.zip: 65%
2023-09-07T07:33:22.398Z [Modules] Streaming discord_desktop_core@1 to /home/mikkel/.config/discord/0.0.29/modules/pending/discord_desktop_core-1.zip: 66%
2023-09-07T07:33:22.402Z [Modules] Streaming discord_desktop_core@1 to /home/mikkel/.config/discord/0.0.29/modules/pending/discord_desktop_core-1.zip: 67%
2023-09-07T07:33:22.404Z [Modules] Streaming discord_desktop_core@1 to /home/mikkel/.config/discord/0.0.29/modules/pending/discord_desktop_core-1.zip: 68%
2023-09-07T07:33:22.406Z [Modules] Streaming discord_desktop_core@1 to /home/mikkel/.config/discord/0.0.29/modules/pending/discord_desktop_core-1.zip: 70%
2023-09-07T07:33:22.408Z [Modules] Streaming discord_desktop_core@1 to /home/mikkel/.config/discord/0.0.29/modules/pending/discord_desktop_core-1.zip: 71%
2023-09-07T07:33:22.411Z [Modules] Streaming discord_desktop_core@1 to /home/mikkel/.config/discord/0.0.29/modules/pending/discord_desktop_core-1.zip: 73%
2023-09-07T07:33:22.413Z [Modules] Streaming discord_desktop_core@1 to /home/mikkel/.config/discord/0.0.29/modules/pending/discord_desktop_core-1.zip: 74%
2023-09-07T07:33:22.415Z [Modules] Streaming discord_desktop_core@1 to /home/mikkel/.config/discord/0.0.29/modules/pending/discord_desktop_core-1.zip: 75%
2023-09-07T07:33:22.416Z [Modules] Streaming discord_desktop_core@1 to /home/mikkel/.config/discord/0.0.29/modules/pending/discord_desktop_core-1.zip: 76%
2023-09-07T07:33:22.419Z [Modules] Streaming discord_desktop_core@1 to /home/mikkel/.config/discord/0.0.29/modules/pending/discord_desktop_core-1.zip: 77%
2023-09-07T07:33:22.424Z [Modules] Streaming discord_desktop_core@1 to /home/mikkel/.config/discord/0.0.29/modules/pending/discord_desktop_core-1.zip: 80%
2023-09-07T07:33:22.427Z [Modules] Streaming discord_desktop_core@1 to /home/mikkel/.config/discord/0.0.29/modules/pending/discord_desktop_core-1.zip: 81%
2023-09-07T07:33:22.431Z [Modules] Streaming discord_desktop_core@1 to /home/mikkel/.config/discord/0.0.29/modules/pending/discord_desktop_core-1.zip: 84%
2023-09-07T07:33:22.434Z [Modules] Streaming discord_desktop_core@1 to /home/mikkel/.config/discord/0.0.29/modules/pending/discord_desktop_core-1.zip: 85%
2023-09-07T07:33:22.435Z [Modules] Streaming discord_desktop_core@1 to /home/mikkel/.config/discord/0.0.29/modules/pending/discord_desktop_core-1.zip: 86%
2023-09-07T07:33:22.437Z [Modules] Streaming discord_desktop_core@1 to /home/mikkel/.config/discord/0.0.29/modules/pending/discord_desktop_core-1.zip: 87%
2023-09-07T07:33:22.441Z [Modules] Streaming discord_desktop_core@1 to /home/mikkel/.config/discord/0.0.29/modules/pending/discord_desktop_core-1.zip: 89%
2023-09-07T07:33:22.442Z [Modules] Streaming discord_desktop_core@1 to /home/mikkel/.config/discord/0.0.29/modules/pending/discord_desktop_core-1.zip: 90%
2023-09-07T07:33:22.448Z [Modules] Streaming discord_desktop_core@1 to /home/mikkel/.config/discord/0.0.29/modules/pending/discord_desktop_core-1.zip: 93%
2023-09-07T07:33:22.454Z [Modules] Streaming discord_desktop_core@1 to /home/mikkel/.config/discord/0.0.29/modules/pending/discord_desktop_core-1.zip: 95%
2023-09-07T07:33:22.458Z [Modules] Streaming discord_desktop_core@1 to /home/mikkel/.config/discord/0.0.29/modules/pending/discord_desktop_core-1.zip: 97%
2023-09-07T07:33:22.459Z [Modules] Streaming discord_desktop_core@1 to /home/mikkel/.config/discord/0.0.29/modules/pending/discord_desktop_core-1.zip: 98%
2023-09-07T07:33:22.460Z [Modules] Streaming discord_desktop_core@1 to /home/mikkel/.config/discord/0.0.29/modules/pending/discord_desktop_core-1.zip: 99%
2023-09-07T07:33:22.461Z [Modules] Streaming discord_desktop_core@1 to /home/mikkel/.config/discord/0.0.29/modules/pending/discord_desktop_core-1.zip: 100%
2023-09-07T07:33:22.462Z [Modules] Fetching discord_erlpack@1 from https://discord.com/api/modules/stable/discord_erlpack/1
2023-09-07T07:33:22.462Z [Modules] Streaming discord_erlpack@1 to /home/mikkel/.config/discord/0.0.29/modules/pending/discord_erlpack-1.zip
2023-09-07T07:33:22.640Z [Modules] Streaming discord_erlpack@1 to /home/mikkel/.config/discord/0.0.29/modules/pending/discord_erlpack-1.zip: 1%
2023-09-07T07:33:22.644Z [Modules] Streaming discord_erlpack@1 to /home/mikkel/.config/discord/0.0.29/modules/pending/discord_erlpack-1.zip: 4%
2023-09-07T07:33:22.645Z [Modules] Streaming discord_erlpack@1 to /home/mikkel/.config/discord/0.0.29/modules/pending/discord_erlpack-1.zip: 5%
2023-09-07T07:33:22.653Z [Modules] Streaming discord_erlpack@1 to /home/mikkel/.config/discord/0.0.29/modules/pending/discord_erlpack-1.zip: 8%
2023-09-07T07:33:22.656Z [Modules] Streaming discord_erlpack@1 to /home/mikkel/.config/discord/0.0.29/modules/pending/discord_erlpack-1.zip: 11%
2023-09-07T07:33:22.662Z [Modules] Streaming discord_erlpack@1 to /home/mikkel/.config/discord/0.0.29/modules/pending/discord_erlpack-1.zip: 14%
2023-09-07T07:33:22.664Z [Modules] Streaming discord_erlpack@1 to /home/mikkel/.config/discord/0.0.29/modules/pending/discord_erlpack-1.zip: 15%
2023-09-07T07:33:22.665Z [Modules] Streaming discord_erlpack@1 to /home/mikkel/.config/discord/0.0.29/modules/pending/discord_erlpack-1.zip: 16%
2023-09-07T07:33:22.666Z [Modules] Streaming discord_erlpack@1 to /home/mikkel/.config/discord/0.0.29/modules/pending/discord_erlpack-1.zip: 17%
2023-09-07T07:33:22.671Z [Modules] Streaming discord_erlpack@1 to /home/mikkel/.config/discord/0.0.29/modules/pending/discord_erlpack-1.zip: 18%
2023-09-07T07:33:22.673Z [Modules] Streaming discord_erlpack@1 to /home/mikkel/.config/discord/0.0.29/modules/pending/discord_erlpack-1.zip: 20%
2023-09-07T07:33:22.675Z [Modules] Streaming discord_erlpack@1 to /home/mikkel/.config/discord/0.0.29/modules/pending/discord_erlpack-1.zip: 21%
2023-09-07T07:33:22.676Z [Modules] Streaming discord_erlpack@1 to /home/mikkel/.config/discord/0.0.29/modules/pending/discord_erlpack-1.zip: 22%
2023-09-07T07:33:22.679Z [Modules] Streaming discord_erlpack@1 to /home/mikkel/.config/discord/0.0.29/modules/pending/discord_erlpack-1.zip: 23%
2023-09-07T07:33:22.682Z [Modules] Streaming discord_erlpack@1 to /home/mikkel/.config/discord/0.0.29/modules/pending/discord_erlpack-1.zip: 25%
2023-09-07T07:33:22.684Z [Modules] Streaming discord_erlpack@1 to /home/mikkel/.config/discord/0.0.29/modules/pending/discord_erlpack-1.zip: 26%
2023-09-07T07:33:22.686Z [Modules] Streaming discord_erlpack@1 to /home/mikkel/.config/discord/0.0.29/modules/pending/discord_erlpack-1.zip: 27%
2023-09-07T07:33:22.688Z [Modules] Streaming discord_erlpack@1 to /home/mikkel/.config/discord/0.0.29/modules/pending/discord_erlpack-1.zip: 28%
2023-09-07T07:33:22.689Z [Modules] Streaming discord_erlpack@1 to /home/mikkel/.config/discord/0.0.29/modules/pending/discord_erlpack-1.zip: 29%
2023-09-07T07:33:22.693Z [Modules] Streaming discord_erlpack@1 to /home/mikkel/.config/discord/0.0.29/modules/pending/discord_erlpack-1.zip: 31%
2023-09-07T07:33:22.694Z [Modules] Streaming discord_erlpack@1 to /home/mikkel/.config/discord/0.0.29/modules/pending/discord_erlpack-1.zip: 32%
2023-09-07T07:33:22.697Z [Modules] Streaming discord_erlpack@1 to /home/mikkel/.config/discord/0.0.29/modules/pending/discord_erlpack-1.zip: 33%
2023-09-07T07:33:22.700Z [Modules] Streaming discord_erlpack@1 to /home/mikkel/.config/discord/0.0.29/modules/pending/discord_erlpack-1.zip: 35%
2023-09-07T07:33:22.702Z [Modules] Streaming discord_erlpack@1 to /home/mikkel/.config/discord/0.0.29/modules/pending/discord_erlpack-1.zip: 36%
2023-09-07T07:33:22.706Z [Modules] Streaming discord_erlpack@1 to /home/mikkel/.config/discord/0.0.29/modules/pending/discord_erlpack-1.zip: 38%
2023-09-07T07:33:22.709Z [Modules] Streaming discord_erlpack@1 to /home/mikkel/.config/discord/0.0.29/modules/pending/discord_erlpack-1.zip: 41%
2023-09-07T07:33:22.713Z [Modules] Streaming discord_erlpack@1 to /home/mikkel/.config/discord/0.0.29/modules/pending/discord_erlpack-1.zip: 42%
2023-09-07T07:33:22.716Z [Modules] Streaming discord_erlpack@1 to /home/mikkel/.config/discord/0.0.29/modules/pending/discord_erlpack-1.zip: 45%
2023-09-07T07:33:22.717Z [Modules] Streaming discord_erlpack@1 to /home/mikkel/.config/discord/0.0.29/modules/pending/discord_erlpack-1.zip: 46%
2023-09-07T07:33:22.719Z [Modules] Streaming discord_erlpack@1 to /home/mikkel/.config/discord/0.0.29/modules/pending/discord_erlpack-1.zip: 47%
2023-09-07T07:33:22.722Z [Modules] Streaming discord_erlpack@1 to /home/mikkel/.config/discord/0.0.29/modules/pending/discord_erlpack-1.zip: 48%
2023-09-07T07:33:22.726Z [Modules] Streaming discord_erlpack@1 to /home/mikkel/.config/discord/0.0.29/modules/pending/discord_erlpack-1.zip: 51%
2023-09-07T07:33:22.728Z [Modules] Streaming discord_erlpack@1 to /home/mikkel/.config/discord/0.0.29/modules/pending/discord_erlpack-1.zip: 52%
2023-09-07T07:33:22.731Z [Modules] Streaming discord_erlpack@1 to /home/mikkel/.config/discord/0.0.29/modules/pending/discord_erlpack-1.zip: 53%
2023-09-07T07:33:22.733Z [Modules] Streaming discord_erlpack@1 to /home/mikkel/.config/discord/0.0.29/modules/pending/discord_erlpack-1.zip: 55%
2023-09-07T07:33:22.735Z [Modules] Streaming discord_erlpack@1 to /home/mikkel/.config/discord/0.0.29/modules/pending/discord_erlpack-1.zip: 56%
2023-09-07T07:33:22.736Z [Modules] Streaming discord_erlpack@1 to /home/mikkel/.config/discord/0.0.29/modules/pending/discord_erlpack-1.zip: 57%
2023-09-07T07:33:22.737Z [Modules] Streaming discord_erlpack@1 to /home/mikkel/.config/discord/0.0.29/modules/pending/discord_erlpack-1.zip: 58%
2023-09-07T07:33:22.739Z [Modules] Streaming discord_erlpack@1 to /home/mikkel/.config/discord/0.0.29/modules/pending/discord_erlpack-1.zip: 59%
2023-09-07T07:33:22.744Z [Modules] Streaming discord_erlpack@1 to /home/mikkel/.config/discord/0.0.29/modules/pending/discord_erlpack-1.zip: 61%
2023-09-07T07:33:22.745Z [Modules] Streaming discord_erlpack@1 to /home/mikkel/.config/discord/0.0.29/modules/pending/discord_erlpack-1.zip: 62%
2023-09-07T07:33:22.746Z [Modules] Streaming discord_erlpack@1 to /home/mikkel/.config/discord/0.0.29/modules/pending/discord_erlpack-1.zip: 63%
2023-09-07T07:33:22.748Z [Modules] Streaming discord_erlpack@1 to /home/mikkel/.config/discord/0.0.29/modules/pending/discord_erlpack-1.zip: 64%
2023-09-07T07:33:22.752Z [Modules] Streaming discord_erlpack@1 to /home/mikkel/.config/discord/0.0.29/modules/pending/discord_erlpack-1.zip: 66%
2023-09-07T07:33:22.754Z [Modules] Streaming discord_erlpack@1 to /home/mikkel/.config/discord/0.0.29/modules/pending/discord_erlpack-1.zip: 67%
2023-09-07T07:33:22.755Z [Modules] Streaming discord_erlpack@1 to /home/mikkel/.config/discord/0.0.29/modules/pending/discord_erlpack-1.zip: 68%
2023-09-07T07:33:22.757Z [Modules] Streaming discord_erlpack@1 to /home/mikkel/.config/discord/0.0.29/modules/pending/discord_erlpack-1.zip: 69%
2023-09-07T07:33:22.761Z [Modules] Streaming discord_erlpack@1 to /home/mikkel/.config/discord/0.0.29/modules/pending/discord_erlpack-1.zip: 71%
2023-09-07T07:33:22.763Z [Modules] Streaming discord_erlpack@1 to /home/mikkel/.config/discord/0.0.29/modules/pending/discord_erlpack-1.zip: 72%
2023-09-07T07:33:22.764Z [Modules] Streaming discord_erlpack@1 to /home/mikkel/.config/discord/0.0.29/modules/pending/discord_erlpack-1.zip: 73%
2023-09-07T07:33:22.765Z [Modules] Streaming discord_erlpack@1 to /home/mikkel/.config/discord/0.0.29/modules/pending/discord_erlpack-1.zip: 74%
2023-09-07T07:33:22.769Z [Modules] Streaming discord_erlpack@1 to /home/mikkel/.config/discord/0.0.29/modules/pending/discord_erlpack-1.zip: 76%
2023-09-07T07:33:22.771Z [Modules] Streaming discord_erlpack@1 to /home/mikkel/.config/discord/0.0.29/modules/pending/discord_erlpack-1.zip: 77%
2023-09-07T07:33:22.773Z [Modules] Streaming discord_erlpack@1 to /home/mikkel/.config/discord/0.0.29/modules/pending/discord_erlpack-1.zip: 78%
2023-09-07T07:33:22.774Z [Modules] Streaming discord_erlpack@1 to /home/mikkel/.config/discord/0.0.29/modules/pending/discord_erlpack-1.zip: 79%
2023-09-07T07:33:22.777Z [Modules] Streaming discord_erlpack@1 to /home/mikkel/.config/discord/0.0.29/modules/pending/discord_erlpack-1.zip: 81%
2023-09-07T07:33:22.780Z [Modules] Streaming discord_erlpack@1 to /home/mikkel/.config/discord/0.0.29/modules/pending/discord_erlpack-1.zip: 83%
2023-09-07T07:33:22.783Z [Modules] Streaming discord_erlpack@1 to /home/mikkel/.config/discord/0.0.29/modules/pending/discord_erlpack-1.zip: 84%
2023-09-07T07:33:22.787Z [Modules] Streaming discord_erlpack@1 to /home/mikkel/.config/discord/0.0.29/modules/pending/discord_erlpack-1.zip: 85%
2023-09-07T07:33:22.789Z [Modules] Streaming discord_erlpack@1 to /home/mikkel/.config/discord/0.0.29/modules/pending/discord_erlpack-1.zip: 89%
2023-09-07T07:33:22.795Z [Modules] Streaming discord_erlpack@1 to /home/mikkel/.config/discord/0.0.29/modules/pending/discord_erlpack-1.zip: 90%
2023-09-07T07:33:22.796Z [Modules] Streaming discord_erlpack@1 to /home/mikkel/.config/discord/0.0.29/modules/pending/discord_erlpack-1.zip: 92%
2023-09-07T07:33:22.798Z [Modules] Streaming discord_erlpack@1 to /home/mikkel/.config/discord/0.0.29/modules/pending/discord_erlpack-1.zip: 93%
2023-09-07T07:33:22.799Z [Modules] Streaming discord_erlpack@1 to /home/mikkel/.config/discord/0.0.29/modules/pending/discord_erlpack-1.zip: 94%
2023-09-07T07:33:22.805Z [Modules] Streaming discord_erlpack@1 to /home/mikkel/.config/discord/0.0.29/modules/pending/discord_erlpack-1.zip: 96%
2023-09-07T07:33:22.809Z [Modules] Streaming discord_erlpack@1 to /home/mikkel/.config/discord/0.0.29/modules/pending/discord_erlpack-1.zip: 99%
2023-09-07T07:33:22.822Z [Modules] Streaming discord_erlpack@1 to /home/mikkel/.config/discord/0.0.29/modules/pending/discord_erlpack-1.zip: 100%
2023-09-07T07:33:22.823Z [Modules] Fetching discord_spellcheck@1 from https://discord.com/api/modules/stable/discord_spellcheck/1
2023-09-07T07:33:22.823Z [Modules] Streaming discord_spellcheck@1 to /home/mikkel/.config/discord/0.0.29/modules/pending/discord_spellcheck-1.zip
2023-09-07T07:33:23.001Z [Modules] Streaming discord_spellcheck@1 to /home/mikkel/.config/discord/0.0.29/modules/pending/discord_spellcheck-1.zip: 1%
2023-09-07T07:33:23.009Z [Modules] Streaming discord_spellcheck@1 to /home/mikkel/.config/discord/0.0.29/modules/pending/discord_spellcheck-1.zip: 2%
2023-09-07T07:33:23.019Z [Modules] Streaming discord_spellcheck@1 to /home/mikkel/.config/discord/0.0.29/modules/pending/discord_spellcheck-1.zip: 3%
2023-09-07T07:33:23.027Z [Modules] Streaming discord_spellcheck@1 to /home/mikkel/.config/discord/0.0.29/modules/pending/discord_spellcheck-1.zip: 4%
2023-09-07T07:33:23.035Z [Modules] Streaming discord_spellcheck@1 to /home/mikkel/.config/discord/0.0.29/modules/pending/discord_spellcheck-1.zip: 5%
2023-09-07T07:33:23.046Z [Modules] Streaming discord_spellcheck@1 to /home/mikkel/.config/discord/0.0.29/modules/pending/discord_spellcheck-1.zip: 6%
2023-09-07T07:33:23.055Z [Modules] Streaming discord_spellcheck@1 to /home/mikkel/.config/discord/0.0.29/modules/pending/discord_spellcheck-1.zip: 7%
2023-09-07T07:33:23.064Z [Modules] Streaming discord_spellcheck@1 to /home/mikkel/.config/discord/0.0.29/modules/pending/discord_spellcheck-1.zip: 8%
2023-09-07T07:33:23.072Z [Modules] Streaming discord_spellcheck@1 to /home/mikkel/.config/discord/0.0.29/modules/pending/discord_spellcheck-1.zip: 9%
2023-09-07T07:33:23.081Z [Modules] Streaming discord_spellcheck@1 to /home/mikkel/.config/discord/0.0.29/modules/pending/discord_spellcheck-1.zip: 10%
2023-09-07T07:33:23.092Z [Modules] Streaming discord_spellcheck@1 to /home/mikkel/.config/discord/0.0.29/modules/pending/discord_spellcheck-1.zip: 11%
2023-09-07T07:33:23.101Z [Modules] Streaming discord_spellcheck@1 to /home/mikkel/.config/discord/0.0.29/modules/pending/discord_spellcheck-1.zip: 12%
2023-09-07T07:33:23.110Z [Modules] Streaming discord_spellcheck@1 to /home/mikkel/.config/discord/0.0.29/modules/pending/discord_spellcheck-1.zip: 13%
2023-09-07T07:33:23.119Z [Modules] Streaming discord_spellcheck@1 to /home/mikkel/.config/discord/0.0.29/modules/pending/discord_spellcheck-1.zip: 14%
2023-09-07T07:33:23.128Z [Modules] Streaming discord_spellcheck@1 to /home/mikkel/.config/discord/0.0.29/modules/pending/discord_spellcheck-1.zip: 15%
2023-09-07T07:33:23.139Z [Modules] Streaming discord_spellcheck@1 to /home/mikkel/.config/discord/0.0.29/modules/pending/discord_spellcheck-1.zip: 16%
2023-09-07T07:33:23.151Z [Modules] Streaming discord_spellcheck@1 to /home/mikkel/.config/discord/0.0.29/modules/pending/discord_spellcheck-1.zip: 17%
2023-09-07T07:33:23.159Z [Modules] Streaming discord_spellcheck@1 to /home/mikkel/.config/discord/0.0.29/modules/pending/discord_spellcheck-1.zip: 18%
2023-09-07T07:33:23.168Z [Modules] Streaming discord_spellcheck@1 to /home/mikkel/.config/discord/0.0.29/modules/pending/discord_spellcheck-1.zip: 19%
2023-09-07T07:33:23.174Z [Modules] Streaming discord_spellcheck@1 to /home/mikkel/.config/discord/0.0.29/modules/pending/discord_spellcheck-1.zip: 20%
2023-09-07T07:33:23.186Z [Modules] Streaming discord_spellcheck@1 to /home/mikkel/.config/discord/0.0.29/modules/pending/discord_spellcheck-1.zip: 21%
2023-09-07T07:33:23.194Z [Modules] Streaming discord_spellcheck@1 to /home/mikkel/.config/discord/0.0.29/modules/pending/discord_spellcheck-1.zip: 22%
2023-09-07T07:33:23.202Z [Modules] Streaming discord_spellcheck@1 to /home/mikkel/.config/discord/0.0.29/modules/pending/discord_spellcheck-1.zip: 23%
2023-09-07T07:33:23.216Z [Modules] Streaming discord_spellcheck@1 to /home/mikkel/.config/discord/0.0.29/modules/pending/discord_spellcheck-1.zip: 24%
2023-09-07T07:33:23.219Z [Modules] Streaming discord_spellcheck@1 to /home/mikkel/.config/discord/0.0.29/modules/pending/discord_spellcheck-1.zip: 25%
2023-09-07T07:33:23.228Z [Modules] Streaming discord_spellcheck@1 to /home/mikkel/.config/discord/0.0.29/modules/pending/discord_spellcheck-1.zip: 26%
2023-09-07T07:33:23.239Z [Modules] Streaming discord_spellcheck@1 to /home/mikkel/.config/discord/0.0.29/modules/pending/discord_spellcheck-1.zip: 27%
2023-09-07T07:33:23.247Z [Modules] Streaming discord_spellcheck@1 to /home/mikkel/.config/discord/0.0.29/modules/pending/discord_spellcheck-1.zip: 28%
2023-09-07T07:33:23.256Z [Modules] Streaming discord_spellcheck@1 to /home/mikkel/.config/discord/0.0.29/modules/pending/discord_spellcheck-1.zip: 29%
2023-09-07T07:33:23.265Z [Modules] Streaming discord_spellcheck@1 to /home/mikkel/.config/discord/0.0.29/modules/pending/discord_spellcheck-1.zip: 30%
2023-09-07T07:33:23.273Z [Modules] Streaming discord_spellcheck@1 to /home/mikkel/.config/discord/0.0.29/modules/pending/discord_spellcheck-1.zip: 31%
2023-09-07T07:33:23.282Z [Modules] Streaming discord_spellcheck@1 to /home/mikkel/.config/discord/0.0.29/modules/pending/discord_spellcheck-1.zip: 32%
2023-09-07T07:33:23.293Z [Modules] Streaming discord_spellcheck@1 to /home/mikkel/.config/discord/0.0.29/modules/pending/discord_spellcheck-1.zip: 33%
2023-09-07T07:33:23.306Z [Modules] Streaming discord_spellcheck@1 to /home/mikkel/.config/discord/0.0.29/modules/pending/discord_spellcheck-1.zip: 34%
2023-09-07T07:33:23.311Z [Modules] Streaming discord_spellcheck@1 to /home/mikkel/.config/discord/0.0.29/modules/pending/discord_spellcheck-1.zip: 35%
2023-09-07T07:33:23.320Z [Modules] Streaming discord_spellcheck@1 to /home/mikkel/.config/discord/0.0.29/modules/pending/discord_spellcheck-1.zip: 36%
2023-09-07T07:33:23.328Z [Modules] Streaming discord_spellcheck@1 to /home/mikkel/.config/discord/0.0.29/modules/pending/discord_spellcheck-1.zip: 37%
2023-09-07T07:33:23.336Z [Modules] Streaming discord_spellcheck@1 to /home/mikkel/.config/discord/0.0.29/modules/pending/discord_spellcheck-1.zip: 38%
2023-09-07T07:33:23.345Z [Modules] Streaming discord_spellcheck@1 to /home/mikkel/.config/discord/0.0.29/modules/pending/discord_spellcheck-1.zip: 39%
2023-09-07T07:33:23.355Z [Modules] Streaming discord_spellcheck@1 to /home/mikkel/.config/discord/0.0.29/modules/pending/discord_spellcheck-1.zip: 40%
2023-09-07T07:33:23.362Z [Modules] Streaming discord_spellcheck@1 to /home/mikkel/.config/discord/0.0.29/modules/pending/discord_spellcheck-1.zip: 41%
2023-09-07T07:33:23.373Z [Modules] Streaming discord_spellcheck@1 to /home/mikkel/.config/discord/0.0.29/modules/pending/discord_spellcheck-1.zip: 42%
2023-09-07T07:33:23.380Z [Modules] Streaming discord_spellcheck@1 to /home/mikkel/.config/discord/0.0.29/modules/pending/discord_spellcheck-1.zip: 43%
2023-09-07T07:33:23.392Z [Modules] Streaming discord_spellcheck@1 to /home/mikkel/.config/discord/0.0.29/modules/pending/discord_spellcheck-1.zip: 44%
2023-09-07T07:33:23.402Z [Modules] Streaming discord_spellcheck@1 to /home/mikkel/.config/discord/0.0.29/modules/pending/discord_spellcheck-1.zip: 45%
2023-09-07T07:33:23.410Z [Modules] Streaming discord_spellcheck@1 to /home/mikkel/.config/discord/0.0.29/modules/pending/discord_spellcheck-1.zip: 46%
2023-09-07T07:33:23.418Z [Modules] Streaming discord_spellcheck@1 to /home/mikkel/.config/discord/0.0.29/modules/pending/discord_spellcheck-1.zip: 47%
2023-09-07T07:33:23.426Z [Modules] Streaming discord_spellcheck@1 to /home/mikkel/.config/discord/0.0.29/modules/pending/discord_spellcheck-1.zip: 48%
2023-09-07T07:33:23.435Z [Modules] Streaming discord_spellcheck@1 to /home/mikkel/.config/discord/0.0.29/modules/pending/discord_spellcheck-1.zip: 49%
2023-09-07T07:33:23.446Z [Modules] Streaming discord_spellcheck@1 to /home/mikkel/.config/discord/0.0.29/modules/pending/discord_spellcheck-1.zip: 50%
2023-09-07T07:33:23.455Z [Modules] Streaming discord_spellcheck@1 to /home/mikkel/.config/discord/0.0.29/modules/pending/discord_spellcheck-1.zip: 51%
2023-09-07T07:33:23.463Z [Modules] Streaming discord_spellcheck@1 to /home/mikkel/.config/discord/0.0.29/modules/pending/discord_spellcheck-1.zip: 52%
2023-09-07T07:33:23.471Z [Modules] Streaming discord_spellcheck@1 to /home/mikkel/.config/discord/0.0.29/modules/pending/discord_spellcheck-1.zip: 53%
2023-09-07T07:33:23.479Z [Modules] Streaming discord_spellcheck@1 to /home/mikkel/.config/discord/0.0.29/modules/pending/discord_spellcheck-1.zip: 54%
2023-09-07T07:33:23.491Z [Modules] Streaming discord_spellcheck@1 to /home/mikkel/.config/discord/0.0.29/modules/pending/discord_spellcheck-1.zip: 55%
2023-09-07T07:33:23.498Z [Modules] Streaming discord_spellcheck@1 to /home/mikkel/.config/discord/0.0.29/modules/pending/discord_spellcheck-1.zip: 56%
2023-09-07T07:33:23.507Z [Modules] Streaming discord_spellcheck@1 to /home/mikkel/.config/discord/0.0.29/modules/pending/discord_spellcheck-1.zip: 57%
2023-09-07T07:33:23.516Z [Modules] Streaming discord_spellcheck@1 to /home/mikkel/.config/discord/0.0.29/modules/pending/discord_spellcheck-1.zip: 58%
2023-09-07T07:33:23.526Z [Modules] Streaming discord_spellcheck@1 to /home/mikkel/.config/discord/0.0.29/modules/pending/discord_spellcheck-1.zip: 59%
2023-09-07T07:33:23.534Z [Modules] Streaming discord_spellcheck@1 to /home/mikkel/.config/discord/0.0.29/modules/pending/discord_spellcheck-1.zip: 60%
2023-09-07T07:33:23.546Z [Modules] Streaming discord_spellcheck@1 to /home/mikkel/.config/discord/0.0.29/modules/pending/discord_spellcheck-1.zip: 61%
2023-09-07T07:33:23.553Z [Modules] Streaming discord_spellcheck@1 to /home/mikkel/.config/discord/0.0.29/modules/pending/discord_spellcheck-1.zip: 62%
2023-09-07T07:33:23.563Z [Modules] Streaming discord_spellcheck@1 to /home/mikkel/.config/discord/0.0.29/modules/pending/discord_spellcheck-1.zip: 63%
2023-09-07T07:33:23.573Z [Modules] Streaming discord_spellcheck@1 to /home/mikkel/.config/discord/0.0.29/modules/pending/discord_spellcheck-1.zip: 64%
2023-09-07T07:33:23.581Z [Modules] Streaming discord_spellcheck@1 to /home/mikkel/.config/discord/0.0.29/modules/pending/discord_spellcheck-1.zip: 65%
2023-09-07T07:33:23.590Z [Modules] Streaming discord_spellcheck@1 to /home/mikkel/.config/discord/0.0.29/modules/pending/discord_spellcheck-1.zip: 66%
2023-09-07T07:33:23.601Z [Modules] Streaming discord_spellcheck@1 to /home/mikkel/.config/discord/0.0.29/modules/pending/discord_spellcheck-1.zip: 67%
2023-09-07T07:33:23.607Z [Modules] Streaming discord_spellcheck@1 to /home/mikkel/.config/discord/0.0.29/modules/pending/discord_spellcheck-1.zip: 68%
2023-09-07T07:33:23.616Z [Modules] Streaming discord_spellcheck@1 to /home/mikkel/.config/discord/0.0.29/modules/pending/discord_spellcheck-1.zip: 69%
2023-09-07T07:33:23.625Z [Modules] Streaming discord_spellcheck@1 to /home/mikkel/.config/discord/0.0.29/modules/pending/discord_spellcheck-1.zip: 70%
2023-09-07T07:33:23.635Z [Modules] Streaming discord_spellcheck@1 to /home/mikkel/.config/discord/0.0.29/modules/pending/discord_spellcheck-1.zip: 71%
2023-09-07T07:33:23.643Z [Modules] Streaming discord_spellcheck@1 to /home/mikkel/.config/discord/0.0.29/modules/pending/discord_spellcheck-1.zip: 72%
2023-09-07T07:33:23.654Z [Modules] Streaming discord_spellcheck@1 to /home/mikkel/.config/discord/0.0.29/modules/pending/discord_spellcheck-1.zip: 73%
2023-09-07T07:33:23.663Z [Modules] Streaming discord_spellcheck@1 to /home/mikkel/.config/discord/0.0.29/modules/pending/discord_spellcheck-1.zip: 74%
2023-09-07T07:33:23.670Z [Modules] Streaming discord_spellcheck@1 to /home/mikkel/.config/discord/0.0.29/modules/pending/discord_spellcheck-1.zip: 75%
2023-09-07T07:33:23.680Z [Modules] Streaming discord_spellcheck@1 to /home/mikkel/.config/discord/0.0.29/modules/pending/discord_spellcheck-1.zip: 76%
2023-09-07T07:33:23.688Z [Modules] Streaming discord_spellcheck@1 to /home/mikkel/.config/discord/0.0.29/modules/pending/discord_spellcheck-1.zip: 77%
2023-09-07T07:33:23.700Z [Modules] Streaming discord_spellcheck@1 to /home/mikkel/.config/discord/0.0.29/modules/pending/discord_spellcheck-1.zip: 78%
2023-09-07T07:33:23.709Z [Modules] Streaming discord_spellcheck@1 to /home/mikkel/.config/discord/0.0.29/modules/pending/discord_spellcheck-1.zip: 79%
2023-09-07T07:33:23.718Z [Modules] Streaming discord_spellcheck@1 to /home/mikkel/.config/discord/0.0.29/modules/pending/discord_spellcheck-1.zip: 80%
2023-09-07T07:33:23.725Z [Modules] Streaming discord_spellcheck@1 to /home/mikkel/.config/discord/0.0.29/modules/pending/discord_spellcheck-1.zip: 81%
2023-09-07T07:33:23.733Z [Modules] Streaming discord_spellcheck@1 to /home/mikkel/.config/discord/0.0.29/modules/pending/discord_spellcheck-1.zip: 82%
2023-09-07T07:33:23.746Z [Modules] Streaming discord_spellcheck@1 to /home/mikkel/.config/discord/0.0.29/modules/pending/discord_spellcheck-1.zip: 83%
2023-09-07T07:33:23.754Z [Modules] Streaming discord_spellcheck@1 to /home/mikkel/.config/discord/0.0.29/modules/pending/discord_spellcheck-1.zip: 84%
2023-09-07T07:33:23.762Z [Modules] Streaming discord_spellcheck@1 to /home/mikkel/.config/discord/0.0.29/modules/pending/discord_spellcheck-1.zip: 85%
2023-09-07T07:33:23.770Z [Modules] Streaming discord_spellcheck@1 to /home/mikkel/.config/discord/0.0.29/modules/pending/discord_spellcheck-1.zip: 86%
2023-09-07T07:33:23.777Z [Modules] Streaming discord_spellcheck@1 to /home/mikkel/.config/discord/0.0.29/modules/pending/discord_spellcheck-1.zip: 87%
2023-09-07T07:33:23.788Z [Modules] Streaming discord_spellcheck@1 to /home/mikkel/.config/discord/0.0.29/modules/pending/discord_spellcheck-1.zip: 88%
2023-09-07T07:33:23.797Z [Modules] Streaming discord_spellcheck@1 to /home/mikkel/.config/discord/0.0.29/modules/pending/discord_spellcheck-1.zip: 89%
2023-09-07T07:33:23.808Z [Modules] Streaming discord_spellcheck@1 to /home/mikkel/.config/discord/0.0.29/modules/pending/discord_spellcheck-1.zip: 90%
2023-09-07T07:33:23.814Z [Modules] Streaming discord_spellcheck@1 to /home/mikkel/.config/discord/0.0.29/modules/pending/discord_spellcheck-1.zip: 91%
2023-09-07T07:33:23.824Z [Modules] Streaming discord_spellcheck@1 to /home/mikkel/.config/discord/0.0.29/modules/pending/discord_spellcheck-1.zip: 92%
2023-09-07T07:33:23.831Z [Modules] Streaming discord_spellcheck@1 to /home/mikkel/.config/discord/0.0.29/modules/pending/discord_spellcheck-1.zip: 93%
2023-09-07T07:33:23.842Z [Modules] Streaming discord_spellcheck@1 to /home/mikkel/.config/discord/0.0.29/modules/pending/discord_spellcheck-1.zip: 94%
2023-09-07T07:33:23.854Z [Modules] Streaming discord_spellcheck@1 to /home/mikkel/.config/discord/0.0.29/modules/pending/discord_spellcheck-1.zip: 95%
2023-09-07T07:33:23.860Z [Modules] Streaming discord_spellcheck@1 to /home/mikkel/.config/discord/0.0.29/modules/pending/discord_spellcheck-1.zip: 96%
2023-09-07T07:33:23.868Z [Modules] Streaming discord_spellcheck@1 to /home/mikkel/.config/discord/0.0.29/modules/pending/discord_spellcheck-1.zip: 97%
2023-09-07T07:33:23.877Z [Modules] Streaming discord_spellcheck@1 to /home/mikkel/.config/discord/0.0.29/modules/pending/discord_spellcheck-1.zip: 98%
2023-09-07T07:33:23.888Z [Modules] Streaming discord_spellcheck@1 to /home/mikkel/.config/discord/0.0.29/modules/pending/discord_spellcheck-1.zip: 99%
2023-09-07T07:33:23.893Z [Modules] Streaming discord_spellcheck@1 to /home/mikkel/.config/discord/0.0.29/modules/pending/discord_spellcheck-1.zip: 100%
2023-09-07T07:33:23.895Z [Modules] Fetching discord_utils@1 from https://discord.com/api/modules/stable/discord_utils/1
2023-09-07T07:33:23.895Z [Modules] Streaming discord_utils@1 to /home/mikkel/.config/discord/0.0.29/modules/pending/discord_utils-1.zip
2023-09-07T07:33:24.077Z [Modules] Streaming discord_utils@1 to /home/mikkel/.config/discord/0.0.29/modules/pending/discord_utils-1.zip: 2%
2023-09-07T07:33:24.081Z [Modules] Streaming discord_utils@1 to /home/mikkel/.config/discord/0.0.29/modules/pending/discord_utils-1.zip: 4%
2023-09-07T07:33:24.087Z [Modules] Streaming discord_utils@1 to /home/mikkel/.config/discord/0.0.29/modules/pending/discord_utils-1.zip: 5%
2023-09-07T07:33:24.088Z [Modules] Streaming discord_utils@1 to /home/mikkel/.config/discord/0.0.29/modules/pending/discord_utils-1.zip: 6%
2023-09-07T07:33:24.092Z [Modules] Streaming discord_utils@1 to /home/mikkel/.config/discord/0.0.29/modules/pending/discord_utils-1.zip: 7%
2023-09-07T07:33:24.096Z [Modules] Streaming discord_utils@1 to /home/mikkel/.config/discord/0.0.29/modules/pending/discord_utils-1.zip: 8%
2023-09-07T07:33:24.098Z [Modules] Streaming discord_utils@1 to /home/mikkel/.config/discord/0.0.29/modules/pending/discord_utils-1.zip: 9%
2023-09-07T07:33:24.105Z [Modules] Streaming discord_utils@1 to /home/mikkel/.config/discord/0.0.29/modules/pending/discord_utils-1.zip: 11%
2023-09-07T07:33:24.109Z [Modules] Streaming discord_utils@1 to /home/mikkel/.config/discord/0.0.29/modules/pending/discord_utils-1.zip: 13%
2023-09-07T07:33:24.115Z [Modules] Streaming discord_utils@1 to /home/mikkel/.config/discord/0.0.29/modules/pending/discord_utils-1.zip: 14%
2023-09-07T07:33:24.118Z [Modules] Streaming discord_utils@1 to /home/mikkel/.config/discord/0.0.29/modules/pending/discord_utils-1.zip: 15%
2023-09-07T07:33:24.119Z [Modules] Streaming discord_utils@1 to /home/mikkel/.config/discord/0.0.29/modules/pending/discord_utils-1.zip: 16%
2023-09-07T07:33:24.122Z [Modules] Streaming discord_utils@1 to /home/mikkel/.config/discord/0.0.29/modules/pending/discord_utils-1.zip: 17%
2023-09-07T07:33:24.126Z [Modules] Streaming discord_utils@1 to /home/mikkel/.config/discord/0.0.29/modules/pending/discord_utils-1.zip: 18%
2023-09-07T07:33:24.129Z [Modules] Streaming discord_utils@1 to /home/mikkel/.config/discord/0.0.29/modules/pending/discord_utils-1.zip: 19%
2023-09-07T07:33:24.133Z [Modules] Streaming discord_utils@1 to /home/mikkel/.config/discord/0.0.29/modules/pending/discord_utils-1.zip: 20%
2023-09-07T07:33:24.136Z [Modules] Streaming discord_utils@1 to /home/mikkel/.config/discord/0.0.29/modules/pending/discord_utils-1.zip: 21%
2023-09-07T07:33:24.138Z [Modules] Streaming discord_utils@1 to /home/mikkel/.config/discord/0.0.29/modules/pending/discord_utils-1.zip: 22%
2023-09-07T07:33:24.142Z [Modules] Streaming discord_utils@1 to /home/mikkel/.config/discord/0.0.29/modules/pending/discord_utils-1.zip: 23%
2023-09-07T07:33:24.147Z [Modules] Streaming discord_utils@1 to /home/mikkel/.config/discord/0.0.29/modules/pending/discord_utils-1.zip: 24%
2023-09-07T07:33:24.150Z [Modules] Streaming discord_utils@1 to /home/mikkel/.config/discord/0.0.29/modules/pending/discord_utils-1.zip: 25%
2023-09-07T07:33:24.152Z [Modules] Streaming discord_utils@1 to /home/mikkel/.config/discord/0.0.29/modules/pending/discord_utils-1.zip: 26%
2023-09-07T07:33:24.154Z [Modules] Streaming discord_utils@1 to /home/mikkel/.config/discord/0.0.29/modules/pending/discord_utils-1.zip: 27%
2023-09-07T07:33:24.160Z [Modules] Streaming discord_utils@1 to /home/mikkel/.config/discord/0.0.29/modules/pending/discord_utils-1.zip: 28%
2023-09-07T07:33:24.163Z [Modules] Streaming discord_utils@1 to /home/mikkel/.config/discord/0.0.29/modules/pending/discord_utils-1.zip: 29%
2023-09-07T07:33:24.165Z [Modules] Streaming discord_utils@1 to /home/mikkel/.config/discord/0.0.29/modules/pending/discord_utils-1.zip: 30%
2023-09-07T07:33:24.168Z [Modules] Streaming discord_utils@1 to /home/mikkel/.config/discord/0.0.29/modules/pending/discord_utils-1.zip: 31%
2023-09-07T07:33:24.170Z [Modules] Streaming discord_utils@1 to /home/mikkel/.config/discord/0.0.29/modules/pending/discord_utils-1.zip: 32%
2023-09-07T07:33:24.176Z [Modules] Streaming discord_utils@1 to /home/mikkel/.config/discord/0.0.29/modules/pending/discord_utils-1.zip: 33%
2023-09-07T07:33:24.179Z [Modules] Streaming discord_utils@1 to /home/mikkel/.config/discord/0.0.29/modules/pending/discord_utils-1.zip: 34%
2023-09-07T07:33:24.181Z [Modules] Streaming discord_utils@1 to /home/mikkel/.config/discord/0.0.29/modules/pending/discord_utils-1.zip: 35%
2023-09-07T07:33:24.187Z [Modules] Streaming discord_utils@1 to /home/mikkel/.config/discord/0.0.29/modules/pending/discord_utils-1.zip: 37%
2023-09-07T07:33:24.190Z [Modules] Streaming discord_utils@1 to /home/mikkel/.config/discord/0.0.29/modules/pending/discord_utils-1.zip: 38%
2023-09-07T07:33:24.196Z [Modules] Streaming discord_utils@1 to /home/mikkel/.config/discord/0.0.29/modules/pending/discord_utils-1.zip: 40%
2023-09-07T07:33:24.199Z [Modules] Streaming discord_utils@1 to /home/mikkel/.config/discord/0.0.29/modules/pending/discord_utils-1.zip: 41%
2023-09-07T07:33:24.205Z [Modules] Streaming discord_utils@1 to /home/mikkel/.config/discord/0.0.29/modules/pending/discord_utils-1.zip: 42%
2023-09-07T07:33:24.207Z [Modules] Streaming discord_utils@1 to /home/mikkel/.config/discord/0.0.29/modules/pending/discord_utils-1.zip: 43%
2023-09-07T07:33:24.213Z [Modules] Streaming discord_utils@1 to /home/mikkel/.config/discord/0.0.29/modules/pending/discord_utils-1.zip: 45%
2023-09-07T07:33:24.215Z [Modules] Streaming discord_utils@1 to /home/mikkel/.config/discord/0.0.29/modules/pending/discord_utils-1.zip: 46%
2023-09-07T07:33:24.218Z [Modules] Streaming discord_utils@1 to /home/mikkel/.config/discord/0.0.29/modules/pending/discord_utils-1.zip: 47%
2023-09-07T07:33:24.228Z [Modules] Streaming discord_utils@1 to /home/mikkel/.config/discord/0.0.29/modules/pending/discord_utils-1.zip: 49%
2023-09-07T07:33:24.231Z [Modules] Streaming discord_utils@1 to /home/mikkel/.config/discord/0.0.29/modules/pending/discord_utils-1.zip: 50%
2023-09-07T07:33:24.235Z [Modules] Streaming discord_utils@1 to /home/mikkel/.config/discord/0.0.29/modules/pending/discord_utils-1.zip: 51%
2023-09-07T07:33:24.236Z [Modules] Streaming discord_utils@1 to /home/mikkel/.config/discord/0.0.29/modules/pending/discord_utils-1.zip: 52%
2023-09-07T07:33:24.242Z [Modules] Streaming discord_utils@1 to /home/mikkel/.config/discord/0.0.29/modules/pending/discord_utils-1.zip: 53%
2023-09-07T07:33:24.244Z [Modules] Streaming discord_utils@1 to /home/mikkel/.config/discord/0.0.29/modules/pending/discord_utils-1.zip: 54%
2023-09-07T07:33:24.246Z [Modules] Streaming discord_utils@1 to /home/mikkel/.config/discord/0.0.29/modules/pending/discord_utils-1.zip: 55%
2023-09-07T07:33:24.251Z [Modules] Streaming discord_utils@1 to /home/mikkel/.config/discord/0.0.29/modules/pending/discord_utils-1.zip: 56%
2023-09-07T07:33:24.255Z [Modules] Streaming discord_utils@1 to /home/mikkel/.config/discord/0.0.29/modules/pending/discord_utils-1.zip: 57%
2023-09-07T07:33:24.255Z [Modules] Streaming discord_utils@1 to /home/mikkel/.config/discord/0.0.29/modules/pending/discord_utils-1.zip: 58%
2023-09-07T07:33:24.262Z [Modules] Streaming discord_utils@1 to /home/mikkel/.config/discord/0.0.29/modules/pending/discord_utils-1.zip: 60%
2023-09-07T07:33:24.267Z [Modules] Streaming discord_utils@1 to /home/mikkel/.config/discord/0.0.29/modules/pending/discord_utils-1.zip: 61%
2023-09-07T07:33:24.271Z [Modules] Streaming discord_utils@1 to /home/mikkel/.config/discord/0.0.29/modules/pending/discord_utils-1.zip: 62%
2023-09-07T07:33:24.273Z [Modules] Streaming discord_utils@1 to /home/mikkel/.config/discord/0.0.29/modules/pending/discord_utils-1.zip: 63%
2023-09-07T07:33:24.276Z [Modules] Streaming discord_utils@1 to /home/mikkel/.config/discord/0.0.29/modules/pending/discord_utils-1.zip: 64%
2023-09-07T07:33:24.279Z [Modules] Streaming discord_utils@1 to /home/mikkel/.config/discord/0.0.29/modules/pending/discord_utils-1.zip: 65%
2023-09-07T07:33:24.281Z [Modules] Streaming discord_utils@1 to /home/mikkel/.config/discord/0.0.29/modules/pending/discord_utils-1.zip: 66%
2023-09-07T07:33:24.289Z [Modules] Streaming discord_utils@1 to /home/mikkel/.config/discord/0.0.29/modules/pending/discord_utils-1.zip: 68%
2023-09-07T07:33:24.291Z [Modules] Streaming discord_utils@1 to /home/mikkel/.config/discord/0.0.29/modules/pending/discord_utils-1.zip: 69%
2023-09-07T07:33:24.296Z [Modules] Streaming discord_utils@1 to /home/mikkel/.config/discord/0.0.29/modules/pending/discord_utils-1.zip: 70%
2023-09-07T07:33:24.298Z [Modules] Streaming discord_utils@1 to /home/mikkel/.config/discord/0.0.29/modules/pending/discord_utils-1.zip: 71%
2023-09-07T07:33:24.301Z [Modules] Streaming discord_utils@1 to /home/mikkel/.config/discord/0.0.29/modules/pending/discord_utils-1.zip: 72%
2023-09-07T07:33:24.308Z [Modules] Streaming discord_utils@1 to /home/mikkel/.config/discord/0.0.29/modules/pending/discord_utils-1.zip: 74%
2023-09-07T07:33:24.311Z [Modules] Streaming discord_utils@1 to /home/mikkel/.config/discord/0.0.29/modules/pending/discord_utils-1.zip: 75%
2023-09-07T07:33:24.317Z [Modules] Streaming discord_utils@1 to /home/mikkel/.config/discord/0.0.29/modules/pending/discord_utils-1.zip: 77%
2023-09-07T07:33:24.321Z [Modules] Streaming discord_utils@1 to /home/mikkel/.config/discord/0.0.29/modules/pending/discord_utils-1.zip: 78%
2023-09-07T07:33:24.325Z [Modules] Streaming discord_utils@1 to /home/mikkel/.config/discord/0.0.29/modules/pending/discord_utils-1.zip: 79%
2023-09-07T07:33:24.328Z [Modules] Streaming discord_utils@1 to /home/mikkel/.config/discord/0.0.29/modules/pending/discord_utils-1.zip: 80%
2023-09-07T07:33:24.329Z [Modules] Streaming discord_utils@1 to /home/mikkel/.config/discord/0.0.29/modules/pending/discord_utils-1.zip: 81%
2023-09-07T07:33:24.336Z [Modules] Streaming discord_utils@1 to /home/mikkel/.config/discord/0.0.29/modules/pending/discord_utils-1.zip: 82%
2023-09-07T07:33:24.338Z [Modules] Streaming discord_utils@1 to /home/mikkel/.config/discord/0.0.29/modules/pending/discord_utils-1.zip: 83%
2023-09-07T07:33:24.344Z [Modules] Streaming discord_utils@1 to /home/mikkel/.config/discord/0.0.29/modules/pending/discord_utils-1.zip: 85%
2023-09-07T07:33:24.345Z [Modules] Streaming discord_utils@1 to /home/mikkel/.config/discord/0.0.29/modules/pending/discord_utils-1.zip: 86%
2023-09-07T07:33:24.350Z [Modules] Streaming discord_utils@1 to /home/mikkel/.config/discord/0.0.29/modules/pending/discord_utils-1.zip: 87%
2023-09-07T07:33:24.352Z [Modules] Streaming discord_utils@1 to /home/mikkel/.config/discord/0.0.29/modules/pending/discord_utils-1.zip: 88%
2023-09-07T07:33:24.355Z [Modules] Streaming discord_utils@1 to /home/mikkel/.config/discord/0.0.29/modules/pending/discord_utils-1.zip: 89%
2023-09-07T07:33:24.359Z [Modules] Streaming discord_utils@1 to /home/mikkel/.config/discord/0.0.29/modules/pending/discord_utils-1.zip: 90%
2023-09-07T07:33:24.362Z [Modules] Streaming discord_utils@1 to /home/mikkel/.config/discord/0.0.29/modules/pending/discord_utils-1.zip: 91%
2023-09-07T07:33:24.367Z [Modules] Streaming discord_utils@1 to /home/mikkel/.config/discord/0.0.29/modules/pending/discord_utils-1.zip: 92%
2023-09-07T07:33:24.371Z [Modules] Streaming discord_utils@1 to /home/mikkel/.config/discord/0.0.29/modules/pending/discord_utils-1.zip: 94%
2023-09-07T07:33:24.376Z [Modules] Streaming discord_utils@1 to /home/mikkel/.config/discord/0.0.29/modules/pending/discord_utils-1.zip: 95%
2023-09-07T07:33:24.380Z [Modules] Streaming discord_utils@1 to /home/mikkel/.config/discord/0.0.29/modules/pending/discord_utils-1.zip: 96%
2023-09-07T07:33:24.381Z [Modules] Streaming discord_utils@1 to /home/mikkel/.config/discord/0.0.29/modules/pending/discord_utils-1.zip: 97%
2023-09-07T07:33:24.386Z [Modules] Streaming discord_utils@1 to /home/mikkel/.config/discord/0.0.29/modules/pending/discord_utils-1.zip: 98%
2023-09-07T07:33:24.388Z [Modules] Streaming discord_utils@1 to /home/mikkel/.config/discord/0.0.29/modules/pending/discord_utils-1.zip: 99%
2023-09-07T07:33:24.391Z [Modules] Streaming discord_utils@1 to /home/mikkel/.config/discord/0.0.29/modules/pending/discord_utils-1.zip: 100%
2023-09-07T07:33:24.392Z [Modules] Fetching discord_voice@1 from https://discord.com/api/modules/stable/discord_voice/1
2023-09-07T07:33:24.392Z [Modules] Streaming discord_voice@1 to /home/mikkel/.config/discord/0.0.29/modules/pending/discord_voice-1.zip
2023-09-07T07:33:24.605Z [Modules] Streaming discord_voice@1 to /home/mikkel/.config/discord/0.0.29/modules/pending/discord_voice-1.zip: 1%
2023-09-07T07:33:24.626Z [Modules] Streaming discord_voice@1 to /home/mikkel/.config/discord/0.0.29/modules/pending/discord_voice-1.zip: 2%
2023-09-07T07:33:24.646Z [Modules] Streaming discord_voice@1 to /home/mikkel/.config/discord/0.0.29/modules/pending/discord_voice-1.zip: 3%
2023-09-07T07:33:24.662Z [Modules] Streaming discord_voice@1 to /home/mikkel/.config/discord/0.0.29/modules/pending/discord_voice-1.zip: 4%
2023-09-07T07:33:24.681Z [Modules] Streaming discord_voice@1 to /home/mikkel/.config/discord/0.0.29/modules/pending/discord_voice-1.zip: 5%
2023-09-07T07:33:24.698Z [Modules] Streaming discord_voice@1 to /home/mikkel/.config/discord/0.0.29/modules/pending/discord_voice-1.zip: 6%
2023-09-07T07:33:24.715Z [Modules] Streaming discord_voice@1 to /home/mikkel/.config/discord/0.0.29/modules/pending/discord_voice-1.zip: 7%
2023-09-07T07:33:24.733Z [Modules] Streaming discord_voice@1 to /home/mikkel/.config/discord/0.0.29/modules/pending/discord_voice-1.zip: 8%
2023-09-07T07:33:24.754Z [Modules] Streaming discord_voice@1 to /home/mikkel/.config/discord/0.0.29/modules/pending/discord_voice-1.zip: 9%
2023-09-07T07:33:24.771Z [Modules] Streaming discord_voice@1 to /home/mikkel/.config/discord/0.0.29/modules/pending/discord_voice-1.zip: 10%
2023-09-07T07:33:24.789Z [Modules] Streaming discord_voice@1 to /home/mikkel/.config/discord/0.0.29/modules/pending/discord_voice-1.zip: 11%
2023-09-07T07:33:24.805Z [Modules] Streaming discord_voice@1 to /home/mikkel/.config/discord/0.0.29/modules/pending/discord_voice-1.zip: 12%
2023-09-07T07:33:24.824Z [Modules] Streaming discord_voice@1 to /home/mikkel/.config/discord/0.0.29/modules/pending/discord_voice-1.zip: 13%
2023-09-07T07:33:24.843Z [Modules] Streaming discord_voice@1 to /home/mikkel/.config/discord/0.0.29/modules/pending/discord_voice-1.zip: 14%
2023-09-07T07:33:24.862Z [Modules] Streaming discord_voice@1 to /home/mikkel/.config/discord/0.0.29/modules/pending/discord_voice-1.zip: 15%
2023-09-07T07:33:24.880Z [Modules] Streaming discord_voice@1 to /home/mikkel/.config/discord/0.0.29/modules/pending/discord_voice-1.zip: 16%
2023-09-07T07:33:24.896Z [Modules] Streaming discord_voice@1 to /home/mikkel/.config/discord/0.0.29/modules/pending/discord_voice-1.zip: 17%
2023-09-07T07:33:24.915Z [Modules] Streaming discord_voice@1 to /home/mikkel/.config/discord/0.0.29/modules/pending/discord_voice-1.zip: 18%
2023-09-07T07:33:24.931Z [Modules] Streaming discord_voice@1 to /home/mikkel/.config/discord/0.0.29/modules/pending/discord_voice-1.zip: 19%
2023-09-07T07:33:24.952Z [Modules] Streaming discord_voice@1 to /home/mikkel/.config/discord/0.0.29/modules/pending/discord_voice-1.zip: 20%
2023-09-07T07:33:24.970Z [Modules] Streaming discord_voice@1 to /home/mikkel/.config/discord/0.0.29/modules/pending/discord_voice-1.zip: 21%
2023-09-07T07:33:24.986Z [Modules] Streaming discord_voice@1 to /home/mikkel/.config/discord/0.0.29/modules/pending/discord_voice-1.zip: 22%
2023-09-07T07:33:25.005Z [Modules] Streaming discord_voice@1 to /home/mikkel/.config/discord/0.0.29/modules/pending/discord_voice-1.zip: 23%
2023-09-07T07:33:25.022Z [Modules] Streaming discord_voice@1 to /home/mikkel/.config/discord/0.0.29/modules/pending/discord_voice-1.zip: 24%
2023-09-07T07:33:25.039Z [Modules] Streaming discord_voice@1 to /home/mikkel/.config/discord/0.0.29/modules/pending/discord_voice-1.zip: 25%
2023-09-07T07:33:25.057Z [Modules] Streaming discord_voice@1 to /home/mikkel/.config/discord/0.0.29/modules/pending/discord_voice-1.zip: 26%
2023-09-07T07:33:25.074Z [Modules] Streaming discord_voice@1 to /home/mikkel/.config/discord/0.0.29/modules/pending/discord_voice-1.zip: 27%
2023-09-07T07:33:25.093Z [Modules] Streaming discord_voice@1 to /home/mikkel/.config/discord/0.0.29/modules/pending/discord_voice-1.zip: 28%
2023-09-07T07:33:25.113Z [Modules] Streaming discord_voice@1 to /home/mikkel/.config/discord/0.0.29/modules/pending/discord_voice-1.zip: 29%
2023-09-07T07:33:25.130Z [Modules] Streaming discord_voice@1 to /home/mikkel/.config/discord/0.0.29/modules/pending/discord_voice-1.zip: 30%
2023-09-07T07:33:25.148Z [Modules] Streaming discord_voice@1 to /home/mikkel/.config/discord/0.0.29/modules/pending/discord_voice-1.zip: 31%
2023-09-07T07:33:25.166Z [Modules] Streaming discord_voice@1 to /home/mikkel/.config/discord/0.0.29/modules/pending/discord_voice-1.zip: 32%
2023-09-07T07:33:25.183Z [Modules] Streaming discord_voice@1 to /home/mikkel/.config/discord/0.0.29/modules/pending/discord_voice-1.zip: 33%
2023-09-07T07:33:25.200Z [Modules] Streaming discord_voice@1 to /home/mikkel/.config/discord/0.0.29/modules/pending/discord_voice-1.zip: 34%
2023-09-07T07:33:25.218Z [Modules] Streaming discord_voice@1 to /home/mikkel/.config/discord/0.0.29/modules/pending/discord_voice-1.zip: 35%
2023-09-07T07:33:25.235Z [Modules] Streaming discord_voice@1 to /home/mikkel/.config/discord/0.0.29/modules/pending/discord_voice-1.zip: 36%
2023-09-07T07:33:25.255Z [Modules] Streaming discord_voice@1 to /home/mikkel/.config/discord/0.0.29/modules/pending/discord_voice-1.zip: 37%
2023-09-07T07:33:25.271Z [Modules] Streaming discord_voice@1 to /home/mikkel/.config/discord/0.0.29/modules/pending/discord_voice-1.zip: 38%
2023-09-07T07:33:25.292Z [Modules] Streaming discord_voice@1 to /home/mikkel/.config/discord/0.0.29/modules/pending/discord_voice-1.zip: 39%
2023-09-07T07:33:25.306Z [Modules] Streaming discord_voice@1 to /home/mikkel/.config/discord/0.0.29/modules/pending/discord_voice-1.zip: 40%
2023-09-07T07:33:25.322Z [Modules] Streaming discord_voice@1 to /home/mikkel/.config/discord/0.0.29/modules/pending/discord_voice-1.zip: 41%
2023-09-07T07:33:25.342Z [Modules] Streaming discord_voice@1 to /home/mikkel/.config/discord/0.0.29/modules/pending/discord_voice-1.zip: 42%
2023-09-07T07:33:25.359Z [Modules] Streaming discord_voice@1 to /home/mikkel/.config/discord/0.0.29/modules/pending/discord_voice-1.zip: 43%
2023-09-07T07:33:25.377Z [Modules] Streaming discord_voice@1 to /home/mikkel/.config/discord/0.0.29/modules/pending/discord_voice-1.zip: 44%
2023-09-07T07:33:25.394Z [Modules] Streaming discord_voice@1 to /home/mikkel/.config/discord/0.0.29/modules/pending/discord_voice-1.zip: 45%
2023-09-07T07:33:25.411Z [Modules] Streaming discord_voice@1 to /home/mikkel/.config/discord/0.0.29/modules/pending/discord_voice-1.zip: 46%
2023-09-07T07:33:25.430Z [Modules] Streaming discord_voice@1 to /home/mikkel/.config/discord/0.0.29/modules/pending/discord_voice-1.zip: 47%
2023-09-07T07:33:25.452Z [Modules] Streaming discord_voice@1 to /home/mikkel/.config/discord/0.0.29/modules/pending/discord_voice-1.zip: 48%
2023-09-07T07:33:25.469Z [Modules] Streaming discord_voice@1 to /home/mikkel/.config/discord/0.0.29/modules/pending/discord_voice-1.zip: 49%
2023-09-07T07:33:25.485Z [Modules] Streaming discord_voice@1 to /home/mikkel/.config/discord/0.0.29/modules/pending/discord_voice-1.zip: 50%
2023-09-07T07:33:25.503Z [Modules] Streaming discord_voice@1 to /home/mikkel/.config/discord/0.0.29/modules/pending/discord_voice-1.zip: 51%
2023-09-07T07:33:25.521Z [Modules] Streaming discord_voice@1 to /home/mikkel/.config/discord/0.0.29/modules/pending/discord_voice-1.zip: 52%
2023-09-07T07:33:25.540Z [Modules] Streaming discord_voice@1 to /home/mikkel/.config/discord/0.0.29/modules/pending/discord_voice-1.zip: 53%
2023-09-07T07:33:25.557Z [Modules] Streaming discord_voice@1 to /home/mikkel/.config/discord/0.0.29/modules/pending/discord_voice-1.zip: 54%
2023-09-07T07:33:25.575Z [Modules] Streaming discord_voice@1 to /home/mikkel/.config/discord/0.0.29/modules/pending/discord_voice-1.zip: 55%
2023-09-07T07:33:25.593Z [Modules] Streaming discord_voice@1 to /home/mikkel/.config/discord/0.0.29/modules/pending/discord_voice-1.zip: 56%
2023-09-07T07:33:25.610Z [Modules] Streaming discord_voice@1 to /home/mikkel/.config/discord/0.0.29/modules/pending/discord_voice-1.zip: 57%
2023-09-07T07:33:25.628Z [Modules] Streaming discord_voice@1 to /home/mikkel/.config/discord/0.0.29/modules/pending/discord_voice-1.zip: 58%
2023-09-07T07:33:25.646Z [Modules] Streaming discord_voice@1 to /home/mikkel/.config/discord/0.0.29/modules/pending/discord_voice-1.zip: 59%
2023-09-07T07:33:25.663Z [Modules] Streaming discord_voice@1 to /home/mikkel/.config/discord/0.0.29/modules/pending/discord_voice-1.zip: 60%
2023-09-07T07:33:25.681Z [Modules] Streaming discord_voice@1 to /home/mikkel/.config/discord/0.0.29/modules/pending/discord_voice-1.zip: 61%
2023-09-07T07:33:25.701Z [Modules] Streaming discord_voice@1 to /home/mikkel/.config/discord/0.0.29/modules/pending/discord_voice-1.zip: 62%
2023-09-07T07:33:25.716Z [Modules] Streaming discord_voice@1 to /home/mikkel/.config/discord/0.0.29/modules/pending/discord_voice-1.zip: 63%
2023-09-07T07:33:25.733Z [Modules] Streaming discord_voice@1 to /home/mikkel/.config/discord/0.0.29/modules/pending/discord_voice-1.zip: 64%
2023-09-07T07:33:25.753Z [Modules] Streaming discord_voice@1 to /home/mikkel/.config/discord/0.0.29/modules/pending/discord_voice-1.zip: 65%
2023-09-07T07:33:25.770Z [Modules] Streaming discord_voice@1 to /home/mikkel/.config/discord/0.0.29/modules/pending/discord_voice-1.zip: 66%
2023-09-07T07:33:25.788Z [Modules] Streaming discord_voice@1 to /home/mikkel/.config/discord/0.0.29/modules/pending/discord_voice-1.zip: 67%
2023-09-07T07:33:25.806Z [Modules] Streaming discord_voice@1 to /home/mikkel/.config/discord/0.0.29/modules/pending/discord_voice-1.zip: 68%
2023-09-07T07:33:25.823Z [Modules] Streaming discord_voice@1 to /home/mikkel/.config/discord/0.0.29/modules/pending/discord_voice-1.zip: 69%
2023-09-07T07:33:25.842Z [Modules] Streaming discord_voice@1 to /home/mikkel/.config/discord/0.0.29/modules/pending/discord_voice-1.zip: 70%
2023-09-07T07:33:25.859Z [Modules] Streaming discord_voice@1 to /home/mikkel/.config/discord/0.0.29/modules/pending/discord_voice-1.zip: 71%
2023-09-07T07:33:25.877Z [Modules] Streaming discord_voice@1 to /home/mikkel/.config/discord/0.0.29/modules/pending/discord_voice-1.zip: 72%
2023-09-07T07:33:25.896Z [Modules] Streaming discord_voice@1 to /home/mikkel/.config/discord/0.0.29/modules/pending/discord_voice-1.zip: 73%
2023-09-07T07:33:25.913Z [Modules] Streaming discord_voice@1 to /home/mikkel/.config/discord/0.0.29/modules/pending/discord_voice-1.zip: 74%
2023-09-07T07:33:25.930Z [Modules] Streaming discord_voice@1 to /home/mikkel/.config/discord/0.0.29/modules/pending/discord_voice-1.zip: 75%
2023-09-07T07:33:25.950Z [Modules] Streaming discord_voice@1 to /home/mikkel/.config/discord/0.0.29/modules/pending/discord_voice-1.zip: 76%
2023-09-07T07:33:25.971Z [Modules] Streaming discord_voice@1 to /home/mikkel/.config/discord/0.0.29/modules/pending/discord_voice-1.zip: 77%
2023-09-07T07:33:25.988Z [Modules] Streaming discord_voice@1 to /home/mikkel/.config/discord/0.0.29/modules/pending/discord_voice-1.zip: 78%
2023-09-07T07:33:26.010Z [Modules] Streaming discord_voice@1 to /home/mikkel/.config/discord/0.0.29/modules/pending/discord_voice-1.zip: 79%
2023-09-07T07:33:26.031Z [Modules] Streaming discord_voice@1 to /home/mikkel/.config/discord/0.0.29/modules/pending/discord_voice-1.zip: 80%
2023-09-07T07:33:26.050Z [Modules] Streaming discord_voice@1 to /home/mikkel/.config/discord/0.0.29/modules/pending/discord_voice-1.zip: 81%
2023-09-07T07:33:26.074Z [Modules] Streaming discord_voice@1 to /home/mikkel/.config/discord/0.0.29/modules/pending/discord_voice-1.zip: 82%
2023-09-07T07:33:26.088Z [Modules] Streaming discord_voice@1 to /home/mikkel/.config/discord/0.0.29/modules/pending/discord_voice-1.zip: 83%
2023-09-07T07:33:26.109Z [Modules] Streaming discord_voice@1 to /home/mikkel/.config/discord/0.0.29/modules/pending/discord_voice-1.zip: 84%
2023-09-07T07:33:26.124Z [Modules] Streaming discord_voice@1 to /home/mikkel/.config/discord/0.0.29/modules/pending/discord_voice-1.zip: 85%
2023-09-07T07:33:26.142Z [Modules] Streaming discord_voice@1 to /home/mikkel/.config/discord/0.0.29/modules/pending/discord_voice-1.zip: 86%
2023-09-07T07:33:26.161Z [Modules] Streaming discord_voice@1 to /home/mikkel/.config/discord/0.0.29/modules/pending/discord_voice-1.zip: 87%
2023-09-07T07:33:26.179Z [Modules] Streaming discord_voice@1 to /home/mikkel/.config/discord/0.0.29/modules/pending/discord_voice-1.zip: 88%
2023-09-07T07:33:26.196Z [Modules] Streaming discord_voice@1 to /home/mikkel/.config/discord/0.0.29/modules/pending/discord_voice-1.zip: 89%
2023-09-07T07:33:26.215Z [Modules] Streaming discord_voice@1 to /home/mikkel/.config/discord/0.0.29/modules/pending/discord_voice-1.zip: 90%
2023-09-07T07:33:26.233Z [Modules] Streaming discord_voice@1 to /home/mikkel/.config/discord/0.0.29/modules/pending/discord_voice-1.zip: 91%
2023-09-07T07:33:26.252Z [Modules] Streaming discord_voice@1 to /home/mikkel/.config/discord/0.0.29/modules/pending/discord_voice-1.zip: 92%
2023-09-07T07:33:26.273Z [Modules] Streaming discord_voice@1 to /home/mikkel/.config/discord/0.0.29/modules/pending/discord_voice-1.zip: 93%
2023-09-07T07:33:26.291Z [Modules] Streaming discord_voice@1 to /home/mikkel/.config/discord/0.0.29/modules/pending/discord_voice-1.zip: 94%
2023-09-07T07:33:26.308Z [Modules] Streaming discord_voice@1 to /home/mikkel/.config/discord/0.0.29/modules/pending/discord_voice-1.zip: 95%
2023-09-07T07:33:26.325Z [Modules] Streaming discord_voice@1 to /home/mikkel/.config/discord/0.0.29/modules/pending/discord_voice-1.zip: 96%
2023-09-07T07:33:26.343Z [Modules] Streaming discord_voice@1 to /home/mikkel/.config/discord/0.0.29/modules/pending/discord_voice-1.zip: 97%
2023-09-07T07:33:26.361Z [Modules] Streaming discord_voice@1 to /home/mikkel/.config/discord/0.0.29/modules/pending/discord_voice-1.zip: 98%
2023-09-07T07:33:26.379Z [Modules] Streaming discord_voice@1 to /home/mikkel/.config/discord/0.0.29/modules/pending/discord_voice-1.zip: 99%
2023-09-07T07:33:26.404Z [Modules] Streaming discord_voice@1 to /home/mikkel/.config/discord/0.0.29/modules/pending/discord_voice-1.zip: 100%
2023-09-07T07:33:26.405Z [Modules] Finished module downloads. [success: 5] [failure: 0]
2023-09-07T07:33:26.405Z [Modules] Installing updates...
2023-09-07T07:33:26.405Z [Modules] Installing discord_desktop_core@1 from /home/mikkel/.config/discord/0.0.29/modules/pending/discord_desktop_core-1.zip
2023-09-07T07:33:26.470Z [Modules] Installing discord_erlpack@1 from /home/mikkel/.config/discord/0.0.29/modules/pending/discord_erlpack-1.zip
2023-09-07T07:33:26.505Z [Modules] Installing discord_spellcheck@1 from /home/mikkel/.config/discord/0.0.29/modules/pending/discord_spellcheck-1.zip
2023-09-07T07:33:27.016Z [Modules] Installing discord_utils@1 from /home/mikkel/.config/discord/0.0.29/modules/pending/discord_utils-1.zip
2023-09-07T07:33:27.316Z [Modules] Installing discord_voice@1 from /home/mikkel/.config/discord/0.0.29/modules/pending/discord_voice-1.zip
2023-09-07T07:33:27.796Z [Modules] Finished module installations. [success: 5] [failure: 0]
2023-09-07T07:33:27.796Z [Modules] Checking for host updates.
2023-09-07T07:33:27.984Z [Modules] Host is up to date.
2023-09-07T07:33:27.984Z [Modules] Checking for module updates at https://discord.com/api/modules/stable/versions.json
2023-09-07T07:33:27.991Z [Modules] No module updates available.
2023-09-07T07:33:29.325Z [Modules] Starting to install discord_krisp...
2023-09-07T07:33:29.326Z [Modules] Fetching discord_krisp@1 from https://discord.com/api/modules/stable/discord_krisp/1
2023-09-07T07:33:29.326Z [Modules] Streaming discord_krisp@1 to /home/mikkel/.config/discord/0.0.29/modules/pending/discord_krisp-1.zip
2023-09-07T07:33:29.339Z [Modules] Starting to install discord_game_utils...
2023-09-07T07:33:29.522Z [Modules] Streaming discord_krisp@1 to /home/mikkel/.config/discord/0.0.29/modules/pending/discord_krisp-1.zip: 1%
2023-09-07T07:33:29.558Z [Modules] Streaming discord_krisp@1 to /home/mikkel/.config/discord/0.0.29/modules/pending/discord_krisp-1.zip: 2%
2023-09-07T07:33:29.622Z [Modules] Streaming discord_krisp@1 to /home/mikkel/.config/discord/0.0.29/modules/pending/discord_krisp-1.zip: 3%
2023-09-07T07:33:29.627Z [Modules] Streaming discord_krisp@1 to /home/mikkel/.config/discord/0.0.29/modules/pending/discord_krisp-1.zip: 4%
2023-09-07T07:33:29.650Z [Modules] Streaming discord_krisp@1 to /home/mikkel/.config/discord/0.0.29/modules/pending/discord_krisp-1.zip: 5%
2023-09-07T07:33:29.658Z [Modules] Streaming discord_krisp@1 to /home/mikkel/.config/discord/0.0.29/modules/pending/discord_krisp-1.zip: 6%
2023-09-07T07:33:29.659Z [Modules] Streaming discord_krisp@1 to /home/mikkel/.config/discord/0.0.29/modules/pending/discord_krisp-1.zip: 7%
2023-09-07T07:33:29.670Z [Modules] Streaming discord_krisp@1 to /home/mikkel/.config/discord/0.0.29/modules/pending/discord_krisp-1.zip: 8%
2023-09-07T07:33:29.692Z [Modules] Streaming discord_krisp@1 to /home/mikkel/.config/discord/0.0.29/modules/pending/discord_krisp-1.zip: 9%
2023-09-07T07:33:29.716Z [Modules] Streaming discord_krisp@1 to /home/mikkel/.config/discord/0.0.29/modules/pending/discord_krisp-1.zip: 10%
2023-09-07T07:33:29.734Z [Modules] Streaming discord_krisp@1 to /home/mikkel/.config/discord/0.0.29/modules/pending/discord_krisp-1.zip: 11%
2023-09-07T07:33:29.752Z [Modules] Streaming discord_krisp@1 to /home/mikkel/.config/discord/0.0.29/modules/pending/discord_krisp-1.zip: 12%
2023-09-07T07:33:29.772Z [Modules] Streaming discord_krisp@1 to /home/mikkel/.config/discord/0.0.29/modules/pending/discord_krisp-1.zip: 13%
2023-09-07T07:33:29.793Z [Modules] Streaming discord_krisp@1 to /home/mikkel/.config/discord/0.0.29/modules/pending/discord_krisp-1.zip: 14%
2023-09-07T07:33:29.812Z [Modules] Streaming discord_krisp@1 to /home/mikkel/.config/discord/0.0.29/modules/pending/discord_krisp-1.zip: 15%
2023-09-07T07:33:29.833Z [Modules] Streaming discord_krisp@1 to /home/mikkel/.config/discord/0.0.29/modules/pending/discord_krisp-1.zip: 16%
2023-09-07T07:33:29.853Z [Modules] Streaming discord_krisp@1 to /home/mikkel/.config/discord/0.0.29/modules/pending/discord_krisp-1.zip: 17%
2023-09-07T07:33:29.876Z [Modules] Streaming discord_krisp@1 to /home/mikkel/.config/discord/0.0.29/modules/pending/discord_krisp-1.zip: 18%
2023-09-07T07:33:29.896Z [Modules] Streaming discord_krisp@1 to /home/mikkel/.config/discord/0.0.29/modules/pending/discord_krisp-1.zip: 19%
2023-09-07T07:33:29.916Z [Modules] Streaming discord_krisp@1 to /home/mikkel/.config/discord/0.0.29/modules/pending/discord_krisp-1.zip: 20%
2023-09-07T07:33:29.935Z [Modules] Streaming discord_krisp@1 to /home/mikkel/.config/discord/0.0.29/modules/pending/discord_krisp-1.zip: 21%
2023-09-07T07:33:29.954Z [Modules] Streaming discord_krisp@1 to /home/mikkel/.config/discord/0.0.29/modules/pending/discord_krisp-1.zip: 22%
2023-09-07T07:33:29.973Z [Modules] Streaming discord_krisp@1 to /home/mikkel/.config/discord/0.0.29/modules/pending/discord_krisp-1.zip: 23%
2023-09-07T07:33:29.996Z [Modules] Streaming discord_krisp@1 to /home/mikkel/.config/discord/0.0.29/modules/pending/discord_krisp-1.zip: 24%
2023-09-07T07:33:30.017Z [Modules] Streaming discord_krisp@1 to /home/mikkel/.config/discord/0.0.29/modules/pending/discord_krisp-1.zip: 25%
2023-09-07T07:33:30.029Z [Modules] Checking for host updates.
2023-09-07T07:33:30.035Z [Modules] Streaming discord_krisp@1 to /home/mikkel/.config/discord/0.0.29/modules/pending/discord_krisp-1.zip: 26%
2023-09-07T07:33:30.056Z [Modules] Streaming discord_krisp@1 to /home/mikkel/.config/discord/0.0.29/modules/pending/discord_krisp-1.zip: 27%
2023-09-07T07:33:30.076Z [Modules] Streaming discord_krisp@1 to /home/mikkel/.config/discord/0.0.29/modules/pending/discord_krisp-1.zip: 28%
2023-09-07T07:33:30.096Z [Modules] Streaming discord_krisp@1 to /home/mikkel/.config/discord/0.0.29/modules/pending/discord_krisp-1.zip: 29%
2023-09-07T07:33:30.120Z [Modules] Streaming discord_krisp@1 to /home/mikkel/.config/discord/0.0.29/modules/pending/discord_krisp-1.zip: 30%
2023-09-07T07:33:30.137Z [Modules] Streaming discord_krisp@1 to /home/mikkel/.config/discord/0.0.29/modules/pending/discord_krisp-1.zip: 31%
2023-09-07T07:33:30.155Z [Modules] Streaming discord_krisp@1 to /home/mikkel/.config/discord/0.0.29/modules/pending/discord_krisp-1.zip: 32%
2023-09-07T07:33:30.164Z [Modules] Host is up to date.
2023-09-07T07:33:30.164Z [Modules] Checking for module updates at https://discord.com/api/modules/stable/versions.json
2023-09-07T07:33:30.166Z [Modules] No module updates available.
2023-09-07T07:33:30.175Z [Modules] Streaming discord_krisp@1 to /home/mikkel/.config/discord/0.0.29/modules/pending/discord_krisp-1.zip: 33%
2023-09-07T07:33:30.200Z [Modules] Streaming discord_krisp@1 to /home/mikkel/.config/discord/0.0.29/modules/pending/discord_krisp-1.zip: 34%
2023-09-07T07:33:30.219Z [Modules] Streaming discord_krisp@1 to /home/mikkel/.config/discord/0.0.29/modules/pending/discord_krisp-1.zip: 35%
2023-09-07T07:33:30.237Z [Modules] Streaming discord_krisp@1 to /home/mikkel/.config/discord/0.0.29/modules/pending/discord_krisp-1.zip: 36%
2023-09-07T07:33:30.258Z [Modules] Streaming discord_krisp@1 to /home/mikkel/.config/discord/0.0.29/modules/pending/discord_krisp-1.zip: 37%
2023-09-07T07:33:30.282Z [Modules] Streaming discord_krisp@1 to /home/mikkel/.config/discord/0.0.29/modules/pending/discord_krisp-1.zip: 38%
2023-09-07T07:33:30.299Z [Modules] Streaming discord_krisp@1 to /home/mikkel/.config/discord/0.0.29/modules/pending/discord_krisp-1.zip: 39%
2023-09-07T07:33:30.325Z [Modules] Streaming discord_krisp@1 to /home/mikkel/.config/discord/0.0.29/modules/pending/discord_krisp-1.zip: 40%
2023-09-07T07:33:30.342Z [Modules] Streaming discord_krisp@1 to /home/mikkel/.config/discord/0.0.29/modules/pending/discord_krisp-1.zip: 41%
2023-09-07T07:33:30.344Z [Modules] Starting to install discord_rpc...
2023-09-07T07:33:30.360Z [Modules] Streaming discord_krisp@1 to /home/mikkel/.config/discord/0.0.29/modules/pending/discord_krisp-1.zip: 42%
2023-09-07T07:33:30.382Z [Modules] Streaming discord_krisp@1 to /home/mikkel/.config/discord/0.0.29/modules/pending/discord_krisp-1.zip: 43%
2023-09-07T07:33:30.401Z [Modules] Streaming discord_krisp@1 to /home/mikkel/.config/discord/0.0.29/modules/pending/discord_krisp-1.zip: 44%
2023-09-07T07:33:30.423Z [Modules] Streaming discord_krisp@1 to /home/mikkel/.config/discord/0.0.29/modules/pending/discord_krisp-1.zip: 45%
2023-09-07T07:33:30.443Z [Modules] Streaming discord_krisp@1 to /home/mikkel/.config/discord/0.0.29/modules/pending/discord_krisp-1.zip: 46%
2023-09-07T07:33:30.466Z [Modules] Streaming discord_krisp@1 to /home/mikkel/.config/discord/0.0.29/modules/pending/discord_krisp-1.zip: 47%
2023-09-07T07:33:30.482Z [Modules] Streaming discord_krisp@1 to /home/mikkel/.config/discord/0.0.29/modules/pending/discord_krisp-1.zip: 48%
2023-09-07T07:33:30.502Z [Modules] Streaming discord_krisp@1 to /home/mikkel/.config/discord/0.0.29/modules/pending/discord_krisp-1.zip: 49%
2023-09-07T07:33:30.520Z [Modules] Streaming discord_krisp@1 to /home/mikkel/.config/discord/0.0.29/modules/pending/discord_krisp-1.zip: 50%
2023-09-07T07:33:30.540Z [Modules] Streaming discord_krisp@1 to /home/mikkel/.config/discord/0.0.29/modules/pending/discord_krisp-1.zip: 51%
2023-09-07T07:33:30.562Z [Modules] Streaming discord_krisp@1 to /home/mikkel/.config/discord/0.0.29/modules/pending/discord_krisp-1.zip: 52%
2023-09-07T07:33:30.582Z [Modules] Streaming discord_krisp@1 to /home/mikkel/.config/discord/0.0.29/modules/pending/discord_krisp-1.zip: 53%
2023-09-07T07:33:30.604Z [Modules] Streaming discord_krisp@1 to /home/mikkel/.config/discord/0.0.29/modules/pending/discord_krisp-1.zip: 54%
2023-09-07T07:33:30.621Z [Modules] Streaming discord_krisp@1 to /home/mikkel/.config/discord/0.0.29/modules/pending/discord_krisp-1.zip: 55%
2023-09-07T07:33:30.641Z [Modules] Streaming discord_krisp@1 to /home/mikkel/.config/discord/0.0.29/modules/pending/discord_krisp-1.zip: 56%
2023-09-07T07:33:30.661Z [Modules] Streaming discord_krisp@1 to /home/mikkel/.config/discord/0.0.29/modules/pending/discord_krisp-1.zip: 57%
2023-09-07T07:33:30.683Z [Modules] Streaming discord_krisp@1 to /home/mikkel/.config/discord/0.0.29/modules/pending/discord_krisp-1.zip: 58%
2023-09-07T07:33:30.704Z [Modules] Streaming discord_krisp@1 to /home/mikkel/.config/discord/0.0.29/modules/pending/discord_krisp-1.zip: 59%
2023-09-07T07:33:30.721Z [Modules] Streaming discord_krisp@1 to /home/mikkel/.config/discord/0.0.29/modules/pending/discord_krisp-1.zip: 60%
2023-09-07T07:33:30.743Z [Modules] Streaming discord_krisp@1 to /home/mikkel/.config/discord/0.0.29/modules/pending/discord_krisp-1.zip: 61%
2023-09-07T07:33:30.761Z [Modules] Streaming discord_krisp@1 to /home/mikkel/.config/discord/0.0.29/modules/pending/discord_krisp-1.zip: 62%
2023-09-07T07:33:30.784Z [Modules] Streaming discord_krisp@1 to /home/mikkel/.config/discord/0.0.29/modules/pending/discord_krisp-1.zip: 63%
2023-09-07T07:33:30.802Z [Modules] Streaming discord_krisp@1 to /home/mikkel/.config/discord/0.0.29/modules/pending/discord_krisp-1.zip: 64%
2023-09-07T07:33:30.822Z [Modules] Streaming discord_krisp@1 to /home/mikkel/.config/discord/0.0.29/modules/pending/discord_krisp-1.zip: 65%
2023-09-07T07:33:30.845Z [Modules] Streaming discord_krisp@1 to /home/mikkel/.config/discord/0.0.29/modules/pending/discord_krisp-1.zip: 66%
2023-09-07T07:33:30.873Z [Modules] Streaming discord_krisp@1 to /home/mikkel/.config/discord/0.0.29/modules/pending/discord_krisp-1.zip: 67%
2023-09-07T07:33:30.890Z [Modules] Streaming discord_krisp@1 to /home/mikkel/.config/discord/0.0.29/modules/pending/discord_krisp-1.zip: 68%
2023-09-07T07:33:30.908Z [Modules] Streaming discord_krisp@1 to /home/mikkel/.config/discord/0.0.29/modules/pending/discord_krisp-1.zip: 69%
2023-09-07T07:33:30.929Z [Modules] Streaming discord_krisp@1 to /home/mikkel/.config/discord/0.0.29/modules/pending/discord_krisp-1.zip: 70%
2023-09-07T07:33:30.949Z [Modules] Streaming discord_krisp@1 to /home/mikkel/.config/discord/0.0.29/modules/pending/discord_krisp-1.zip: 71%
2023-09-07T07:33:30.970Z [Modules] Streaming discord_krisp@1 to /home/mikkel/.config/discord/0.0.29/modules/pending/discord_krisp-1.zip: 72%
2023-09-07T07:33:30.991Z [Modules] Streaming discord_krisp@1 to /home/mikkel/.config/discord/0.0.29/modules/pending/discord_krisp-1.zip: 73%
2023-09-07T07:33:31.015Z [Modules] Streaming discord_krisp@1 to /home/mikkel/.config/discord/0.0.29/modules/pending/discord_krisp-1.zip: 74%
2023-09-07T07:33:31.036Z [Modules] Streaming discord_krisp@1 to /home/mikkel/.config/discord/0.0.29/modules/pending/discord_krisp-1.zip: 75%
2023-09-07T07:33:31.054Z [Modules] Streaming discord_krisp@1 to /home/mikkel/.config/discord/0.0.29/modules/pending/discord_krisp-1.zip: 76%
2023-09-07T07:33:31.074Z [Modules] Streaming discord_krisp@1 to /home/mikkel/.config/discord/0.0.29/modules/pending/discord_krisp-1.zip: 77%
2023-09-07T07:33:31.095Z [Modules] Streaming discord_krisp@1 to /home/mikkel/.config/discord/0.0.29/modules/pending/discord_krisp-1.zip: 78%
2023-09-07T07:33:31.115Z [Modules] Streaming discord_krisp@1 to /home/mikkel/.config/discord/0.0.29/modules/pending/discord_krisp-1.zip: 79%
2023-09-07T07:33:31.140Z [Modules] Streaming discord_krisp@1 to /home/mikkel/.config/discord/0.0.29/modules/pending/discord_krisp-1.zip: 80%
2023-09-07T07:33:31.157Z [Modules] Streaming discord_krisp@1 to /home/mikkel/.config/discord/0.0.29/modules/pending/discord_krisp-1.zip: 81%
2023-09-07T07:33:31.179Z [Modules] Streaming discord_krisp@1 to /home/mikkel/.config/discord/0.0.29/modules/pending/discord_krisp-1.zip: 82%
2023-09-07T07:33:31.198Z [Modules] Streaming discord_krisp@1 to /home/mikkel/.config/discord/0.0.29/modules/pending/discord_krisp-1.zip: 83%
2023-09-07T07:33:31.219Z [Modules] Streaming discord_krisp@1 to /home/mikkel/.config/discord/0.0.29/modules/pending/discord_krisp-1.zip: 84%
2023-09-07T07:33:31.239Z [Modules] Streaming discord_krisp@1 to /home/mikkel/.config/discord/0.0.29/modules/pending/discord_krisp-1.zip: 85%
2023-09-07T07:33:31.259Z [Modules] Streaming discord_krisp@1 to /home/mikkel/.config/discord/0.0.29/modules/pending/discord_krisp-1.zip: 86%
2023-09-07T07:33:31.282Z [Modules] Streaming discord_krisp@1 to /home/mikkel/.config/discord/0.0.29/modules/pending/discord_krisp-1.zip: 87%
2023-09-07T07:33:31.302Z [Modules] Streaming discord_krisp@1 to /home/mikkel/.config/discord/0.0.29/modules/pending/discord_krisp-1.zip: 88%
2023-09-07T07:33:31.322Z [Modules] Streaming discord_krisp@1 to /home/mikkel/.config/discord/0.0.29/modules/pending/discord_krisp-1.zip: 89%
2023-09-07T07:33:31.339Z [Modules] Streaming discord_krisp@1 to /home/mikkel/.config/discord/0.0.29/modules/pending/discord_krisp-1.zip: 90%
2023-09-07T07:33:31.360Z [Modules] Streaming discord_krisp@1 to /home/mikkel/.config/discord/0.0.29/modules/pending/discord_krisp-1.zip: 91%
2023-09-07T07:33:31.382Z [Modules] Streaming discord_krisp@1 to /home/mikkel/.config/discord/0.0.29/modules/pending/discord_krisp-1.zip: 92%
2023-09-07T07:33:31.403Z [Modules] Streaming discord_krisp@1 to /home/mikkel/.config/discord/0.0.29/modules/pending/discord_krisp-1.zip: 93%
2023-09-07T07:33:31.422Z [Modules] Streaming discord_krisp@1 to /home/mikkel/.config/discord/0.0.29/modules/pending/discord_krisp-1.zip: 94%
2023-09-07T07:33:31.447Z [Modules] Streaming discord_krisp@1 to /home/mikkel/.config/discord/0.0.29/modules/pending/discord_krisp-1.zip: 95%
2023-09-07T07:33:31.465Z [Modules] Streaming discord_krisp@1 to /home/mikkel/.config/discord/0.0.29/modules/pending/discord_krisp-1.zip: 96%
2023-09-07T07:33:31.484Z [Modules] Streaming discord_krisp@1 to /home/mikkel/.config/discord/0.0.29/modules/pending/discord_krisp-1.zip: 97%
2023-09-07T07:33:31.505Z [Modules] Streaming discord_krisp@1 to /home/mikkel/.config/discord/0.0.29/modules/pending/discord_krisp-1.zip: 98%
2023-09-07T07:33:31.526Z [Modules] Streaming discord_krisp@1 to /home/mikkel/.config/discord/0.0.29/modules/pending/discord_krisp-1.zip: 99%
2023-09-07T07:33:31.542Z [Modules] Streaming discord_krisp@1 to /home/mikkel/.config/discord/0.0.29/modules/pending/discord_krisp-1.zip: 100%
2023-09-07T07:33:31.543Z [Modules] Fetching discord_game_utils@1 from https://discord.com/api/modules/stable/discord_game_utils/1
2023-09-07T07:33:31.543Z [Modules] Streaming discord_game_utils@1 to /home/mikkel/.config/discord/0.0.29/modules/pending/discord_game_utils-1.zip
2023-09-07T07:33:31.543Z [Modules] Installing discord_krisp@1 from /home/mikkel/.config/discord/0.0.29/modules/pending/discord_krisp-1.zip
2023-09-07T07:33:31.718Z [Modules] Streaming discord_game_utils@1 to /home/mikkel/.config/discord/0.0.29/modules/pending/discord_game_utils-1.zip: 1%
2023-09-07T07:33:31.723Z [Modules] Streaming discord_game_utils@1 to /home/mikkel/.config/discord/0.0.29/modules/pending/discord_game_utils-1.zip: 3%
2023-09-07T07:33:31.726Z [Modules] Streaming discord_game_utils@1 to /home/mikkel/.config/discord/0.0.29/modules/pending/discord_game_utils-1.zip: 4%
2023-09-07T07:33:31.728Z [Modules] Streaming discord_game_utils@1 to /home/mikkel/.config/discord/0.0.29/modules/pending/discord_game_utils-1.zip: 5%
2023-09-07T07:33:31.733Z [Modules] Streaming discord_game_utils@1 to /home/mikkel/.config/discord/0.0.29/modules/pending/discord_game_utils-1.zip: 7%
2023-09-07T07:33:31.736Z [Modules] Streaming discord_game_utils@1 to /home/mikkel/.config/discord/0.0.29/modules/pending/discord_game_utils-1.zip: 8%
2023-09-07T07:33:31.740Z [Modules] Streaming discord_game_utils@1 to /home/mikkel/.config/discord/0.0.29/modules/pending/discord_game_utils-1.zip: 9%
2023-09-07T07:33:31.742Z [Modules] Streaming discord_game_utils@1 to /home/mikkel/.config/discord/0.0.29/modules/pending/discord_game_utils-1.zip: 10%
2023-09-07T07:33:31.747Z [Modules] Streaming discord_game_utils@1 to /home/mikkel/.config/discord/0.0.29/modules/pending/discord_game_utils-1.zip: 12%
2023-09-07T07:33:31.749Z [Modules] Streaming discord_game_utils@1 to /home/mikkel/.config/discord/0.0.29/modules/pending/discord_game_utils-1.zip: 13%
2023-09-07T07:33:31.755Z [Modules] Streaming discord_game_utils@1 to /home/mikkel/.config/discord/0.0.29/modules/pending/discord_game_utils-1.zip: 15%
2023-09-07T07:33:31.757Z [Modules] Streaming discord_game_utils@1 to /home/mikkel/.config/discord/0.0.29/modules/pending/discord_game_utils-1.zip: 16%
2023-09-07T07:33:31.758Z [Modules] Streaming discord_game_utils@1 to /home/mikkel/.config/discord/0.0.29/modules/pending/discord_game_utils-1.zip: 17%
2023-09-07T07:33:31.760Z [Modules] Streaming discord_game_utils@1 to /home/mikkel/.config/discord/0.0.29/modules/pending/discord_game_utils-1.zip: 18%
2023-09-07T07:33:31.763Z [Modules] Streaming discord_game_utils@1 to /home/mikkel/.config/discord/0.0.29/modules/pending/discord_game_utils-1.zip: 19%
2023-09-07T07:33:31.765Z [Modules] Streaming discord_game_utils@1 to /home/mikkel/.config/discord/0.0.29/modules/pending/discord_game_utils-1.zip: 20%
2023-09-07T07:33:31.766Z [Modules] Streaming discord_game_utils@1 to /home/mikkel/.config/discord/0.0.29/modules/pending/discord_game_utils-1.zip: 21%
2023-09-07T07:33:31.769Z [Modules] Streaming discord_game_utils@1 to /home/mikkel/.config/discord/0.0.29/modules/pending/discord_game_utils-1.zip: 22%
2023-09-07T07:33:31.771Z [Modules] Streaming discord_game_utils@1 to /home/mikkel/.config/discord/0.0.29/modules/pending/discord_game_utils-1.zip: 23%
2023-09-07T07:33:31.775Z [Modules] Streaming discord_game_utils@1 to /home/mikkel/.config/discord/0.0.29/modules/pending/discord_game_utils-1.zip: 25%
2023-09-07T07:33:31.778Z [Modules] Streaming discord_game_utils@1 to /home/mikkel/.config/discord/0.0.29/modules/pending/discord_game_utils-1.zip: 26%
2023-09-07T07:33:31.783Z [Modules] Streaming discord_game_utils@1 to /home/mikkel/.config/discord/0.0.29/modules/pending/discord_game_utils-1.zip: 28%
2023-09-07T07:33:31.785Z [Modules] Streaming discord_game_utils@1 to /home/mikkel/.config/discord/0.0.29/modules/pending/discord_game_utils-1.zip: 29%
2023-09-07T07:33:31.787Z [Modules] Streaming discord_game_utils@1 to /home/mikkel/.config/discord/0.0.29/modules/pending/discord_game_utils-1.zip: 30%
2023-09-07T07:33:31.788Z [Modules] Streaming discord_game_utils@1 to /home/mikkel/.config/discord/0.0.29/modules/pending/discord_game_utils-1.zip: 31%
2023-09-07T07:33:31.794Z [Modules] Streaming discord_game_utils@1 to /home/mikkel/.config/discord/0.0.29/modules/pending/discord_game_utils-1.zip: 33%
2023-09-07T07:33:31.797Z [Modules] Streaming discord_game_utils@1 to /home/mikkel/.config/discord/0.0.29/modules/pending/discord_game_utils-1.zip: 34%
2023-09-07T07:33:31.802Z [Modules] Streaming discord_game_utils@1 to /home/mikkel/.config/discord/0.0.29/modules/pending/discord_game_utils-1.zip: 35%
2023-09-07T07:33:31.803Z [Modules] Streaming discord_game_utils@1 to /home/mikkel/.config/discord/0.0.29/modules/pending/discord_game_utils-1.zip: 36%
2023-09-07T07:33:31.805Z [Modules] Streaming discord_game_utils@1 to /home/mikkel/.config/discord/0.0.29/modules/pending/discord_game_utils-1.zip: 38%
2023-09-07T07:33:31.808Z [Modules] Streaming discord_game_utils@1 to /home/mikkel/.config/discord/0.0.29/modules/pending/discord_game_utils-1.zip: 39%
2023-09-07T07:33:31.809Z [Modules] Streaming discord_game_utils@1 to /home/mikkel/.config/discord/0.0.29/modules/pending/discord_game_utils-1.zip: 40%
2023-09-07T07:33:31.815Z [Modules] Streaming discord_game_utils@1 to /home/mikkel/.config/discord/0.0.29/modules/pending/discord_game_utils-1.zip: 42%
2023-09-07T07:33:31.817Z [Modules] Streaming discord_game_utils@1 to /home/mikkel/.config/discord/0.0.29/modules/pending/discord_game_utils-1.zip: 43%
2023-09-07T07:33:31.818Z [Modules] Streaming discord_game_utils@1 to /home/mikkel/.config/discord/0.0.29/modules/pending/discord_game_utils-1.zip: 44%
2023-09-07T07:33:31.821Z [Modules] Streaming discord_game_utils@1 to /home/mikkel/.config/discord/0.0.29/modules/pending/discord_game_utils-1.zip: 45%
2023-09-07T07:33:31.822Z [Modules] Streaming discord_game_utils@1 to /home/mikkel/.config/discord/0.0.29/modules/pending/discord_game_utils-1.zip: 46%
2023-09-07T07:33:31.829Z [Modules] Streaming discord_game_utils@1 to /home/mikkel/.config/discord/0.0.29/modules/pending/discord_game_utils-1.zip: 48%
2023-09-07T07:33:31.833Z [Modules] Streaming discord_game_utils@1 to /home/mikkel/.config/discord/0.0.29/modules/pending/discord_game_utils-1.zip: 50%
2023-09-07T07:33:31.834Z [Modules] Streaming discord_game_utils@1 to /home/mikkel/.config/discord/0.0.29/modules/pending/discord_game_utils-1.zip: 51%
2023-09-07T07:33:31.840Z [Modules] Streaming discord_game_utils@1 to /home/mikkel/.config/discord/0.0.29/modules/pending/discord_game_utils-1.zip: 53%
2023-09-07T07:33:31.841Z [Modules] Streaming discord_game_utils@1 to /home/mikkel/.config/discord/0.0.29/modules/pending/discord_game_utils-1.zip: 54%
2023-09-07T07:33:31.846Z [Modules] Streaming discord_game_utils@1 to /home/mikkel/.config/discord/0.0.29/modules/pending/discord_game_utils-1.zip: 56%
2023-09-07T07:33:31.848Z [Modules] Finished module installations. [success: 1] [failure: 0]
2023-09-07T07:33:31.852Z [Modules] Streaming discord_game_utils@1 to /home/mikkel/.config/discord/0.0.29/modules/pending/discord_game_utils-1.zip: 59%
2023-09-07T07:33:31.856Z [Modules] Streaming discord_game_utils@1 to /home/mikkel/.config/discord/0.0.29/modules/pending/discord_game_utils-1.zip: 60%
2023-09-07T07:33:31.858Z [Modules] Streaming discord_game_utils@1 to /home/mikkel/.config/discord/0.0.29/modules/pending/discord_game_utils-1.zip: 61%
2023-09-07T07:33:31.859Z [Modules] Streaming discord_game_utils@1 to /home/mikkel/.config/discord/0.0.29/modules/pending/discord_game_utils-1.zip: 62%
2023-09-07T07:33:31.862Z [Modules] Streaming discord_game_utils@1 to /home/mikkel/.config/discord/0.0.29/modules/pending/discord_game_utils-1.zip: 63%
2023-09-07T07:33:31.866Z [Modules] Streaming discord_game_utils@1 to /home/mikkel/.config/discord/0.0.29/modules/pending/discord_game_utils-1.zip: 65%
2023-09-07T07:33:31.868Z [Modules] Streaming discord_game_utils@1 to /home/mikkel/.config/discord/0.0.29/modules/pending/discord_game_utils-1.zip: 66%
2023-09-07T07:33:31.873Z [Modules] Streaming discord_game_utils@1 to /home/mikkel/.config/discord/0.0.29/modules/pending/discord_game_utils-1.zip: 68%
2023-09-07T07:33:31.878Z [Modules] Streaming discord_game_utils@1 to /home/mikkel/.config/discord/0.0.29/modules/pending/discord_game_utils-1.zip: 70%
2023-09-07T07:33:31.881Z [Modules] Streaming discord_game_utils@1 to /home/mikkel/.config/discord/0.0.29/modules/pending/discord_game_utils-1.zip: 71%
2023-09-07T07:33:31.884Z [Modules] Streaming discord_game_utils@1 to /home/mikkel/.config/discord/0.0.29/modules/pending/discord_game_utils-1.zip: 73%
2023-09-07T07:33:31.887Z [Modules] Streaming discord_game_utils@1 to /home/mikkel/.config/discord/0.0.29/modules/pending/discord_game_utils-1.zip: 74%
2023-09-07T07:33:31.892Z [Modules] Streaming discord_game_utils@1 to /home/mikkel/.config/discord/0.0.29/modules/pending/discord_game_utils-1.zip: 76%
2023-09-07T07:33:31.895Z [Modules] Streaming discord_game_utils@1 to /home/mikkel/.config/discord/0.0.29/modules/pending/discord_game_utils-1.zip: 77%
2023-09-07T07:33:31.897Z [Modules] Streaming discord_game_utils@1 to /home/mikkel/.config/discord/0.0.29/modules/pending/discord_game_utils-1.zip: 78%
2023-09-07T07:33:31.900Z [Modules] Streaming discord_game_utils@1 to /home/mikkel/.config/discord/0.0.29/modules/pending/discord_game_utils-1.zip: 79%
2023-09-07T07:33:31.903Z [Modules] Streaming discord_game_utils@1 to /home/mikkel/.config/discord/0.0.29/modules/pending/discord_game_utils-1.zip: 81%
2023-09-07T07:33:31.906Z [Modules] Streaming discord_game_utils@1 to /home/mikkel/.config/discord/0.0.29/modules/pending/discord_game_utils-1.zip: 82%
2023-09-07T07:33:31.908Z [Modules] Streaming discord_game_utils@1 to /home/mikkel/.config/discord/0.0.29/modules/pending/discord_game_utils-1.zip: 83%
2023-09-07T07:33:31.913Z [Modules] Streaming discord_game_utils@1 to /home/mikkel/.config/discord/0.0.29/modules/pending/discord_game_utils-1.zip: 85%
2023-09-07T07:33:31.914Z [Modules] Streaming discord_game_utils@1 to /home/mikkel/.config/discord/0.0.29/modules/pending/discord_game_utils-1.zip: 86%
2023-09-07T07:33:31.921Z [Modules] Streaming discord_game_utils@1 to /home/mikkel/.config/discord/0.0.29/modules/pending/discord_game_utils-1.zip: 88%
2023-09-07T07:33:31.924Z [Modules] Streaming discord_game_utils@1 to /home/mikkel/.config/discord/0.0.29/modules/pending/discord_game_utils-1.zip: 90%
2023-09-07T07:33:31.926Z [Modules] Streaming discord_game_utils@1 to /home/mikkel/.config/discord/0.0.29/modules/pending/discord_game_utils-1.zip: 91%
2023-09-07T07:33:31.928Z [Modules] Streaming discord_game_utils@1 to /home/mikkel/.config/discord/0.0.29/modules/pending/discord_game_utils-1.zip: 92%
2023-09-07T07:33:31.931Z [Modules] Streaming discord_game_utils@1 to /home/mikkel/.config/discord/0.0.29/modules/pending/discord_game_utils-1.zip: 94%
2023-09-07T07:33:31.934Z [Modules] Streaming discord_game_utils@1 to /home/mikkel/.config/discord/0.0.29/modules/pending/discord_game_utils-1.zip: 95%
2023-09-07T07:33:31.936Z [Modules] Streaming discord_game_utils@1 to /home/mikkel/.config/discord/0.0.29/modules/pending/discord_game_utils-1.zip: 96%
2023-09-07T07:33:31.941Z [Modules] Streaming discord_game_utils@1 to /home/mikkel/.config/discord/0.0.29/modules/pending/discord_game_utils-1.zip: 98%
2023-09-07T07:33:31.944Z [Modules] Streaming discord_game_utils@1 to /home/mikkel/.config/discord/0.0.29/modules/pending/discord_game_utils-1.zip: 99%
2023-09-07T07:33:31.958Z [Modules] Streaming discord_game_utils@1 to /home/mikkel/.config/discord/0.0.29/modules/pending/discord_game_utils-1.zip: 100%
2023-09-07T07:33:31.959Z [Modules] Fetching discord_rpc@1 from https://discord.com/api/modules/stable/discord_rpc/1
2023-09-07T07:33:31.959Z [Modules] Streaming discord_rpc@1 to /home/mikkel/.config/discord/0.0.29/modules/pending/discord_rpc-1.zip
2023-09-07T07:33:31.959Z [Modules] Installing discord_game_utils@1 from /home/mikkel/.config/discord/0.0.29/modules/pending/discord_game_utils-1.zip
2023-09-07T07:33:31.998Z [Modules] Finished module installations. [success: 1] [failure: 0]
2023-09-07T07:33:32.125Z [Modules] Streaming discord_rpc@1 to /home/mikkel/.config/discord/0.0.29/modules/pending/discord_rpc-1.zip: 38%
2023-09-07T07:33:32.127Z [Modules] Streaming discord_rpc@1 to /home/mikkel/.config/discord/0.0.29/modules/pending/discord_rpc-1.zip: 75%
2023-09-07T07:33:32.335Z [Modules] Streaming discord_rpc@1 to /home/mikkel/.config/discord/0.0.29/modules/pending/discord_rpc-1.zip: 100%
2023-09-07T07:33:32.338Z [Modules] Finished module downloads. [success: 3] [failure: 0]
2023-09-07T07:33:32.338Z [Modules] Installing discord_rpc@1 from /home/mikkel/.config/discord/0.0.29/modules/pending/discord_rpc-1.zip
2023-09-07T07:33:32.358Z [Modules] Finished module installations. [success: 1] [failure: 0]
2023-09-07T07:33:50.214Z [Modules] Modules initializing
2023-09-07T07:33:50.214Z [Modules] Distribution: remote
2023-09-07T07:33:50.214Z [Modules] Host updates: enabled
2023-09-07T07:33:50.215Z [Modules] Module updates: enabled
2023-09-07T07:33:50.215Z [Modules] Module install path: /home/mikkel/.config/discord/0.0.29/modules
2023-09-07T07:33:50.215Z [Modules] Module installed file path: /home/mikkel/.config/discord/0.0.29/modules/installed.json
2023-09-07T07:33:50.215Z [Modules] Module download path: /home/mikkel/.config/discord/0.0.29/modules/pending
2023-09-07T07:33:50.481Z [Modules] No updates to install
2023-09-07T07:33:50.481Z [Modules] Checking for host updates.
2023-09-07T07:33:50.664Z [Modules] Host is up to date.
2023-09-07T07:33:50.665Z [Modules] Checking for module updates at https://discord.com/api/modules/stable/versions.json
2023-09-07T07:33:50.673Z [Modules] No module updates available.
2023-09-07T07:33:52.986Z [Modules] Checking for host updates.
2023-09-07T07:33:53.259Z [Modules] Host is up to date.
2023-09-07T07:33:53.259Z [Modules] Checking for module updates at https://discord.com/api/modules/stable/versions.json
2023-09-07T07:33:53.261Z [Modules] No module updates available.
