2023-09-06 11:10:19 Loading main app package /usr/lib/obsidian/obsidian.asar
2023-09-06 11:10:19 Checking for update using Github
2023-09-06 11:10:19 Success.
2023-09-06 11:10:19 Latest version is 1.4.5
2023-09-06 11:10:19 App is up to date.
2023-09-06 11:14:24 Loading main app package /usr/lib/obsidian/obsidian.asar
2023-09-06 11:14:24 Checking for update using Github
2023-09-06 11:14:24 Success.
2023-09-06 11:14:24 Latest version is 1.4.5
2023-09-06 11:14:24 App is up to date.
2023-09-07 08:50:54 Loading main app package /usr/lib/obsidian/obsidian.asar
2023-09-07 08:50:55 Checking for update using Github
2023-09-07 08:50:55 Success.
2023-09-07 08:50:55 Latest version is 1.4.5
2023-09-07 08:50:55 App is up to date.
2023-09-07 09:50:55 Checking for update using Github
2023-09-07 09:50:55 Success.
2023-09-07 09:50:55 Latest version is 1.4.5
2023-09-07 09:50:55 App is up to date.
2023-09-07 10:50:55 Checking for update using Github
2023-09-07 10:50:55 Success.
2023-09-07 10:50:55 Latest version is 1.4.5
2023-09-07 10:50:55 App is up to date.
2023-09-07 11:50:55 Checking for update using Github
2023-09-07 11:50:55 Success.
2023-09-07 11:50:55 Latest version is 1.4.5
2023-09-07 11:50:55 App is up to date.
2023-09-07 12:50:55 Checking for update using Github
2023-09-07 12:50:55 Success.
2023-09-07 12:50:55 Latest version is 1.4.5
2023-09-07 12:50:55 App is up to date.
2023-09-07 17:33:45 Loading main app package /usr/lib/obsidian/obsidian.asar
2023-09-07 17:33:45 Checking for update using Github
2023-09-07 17:33:45 Success.
2023-09-07 17:33:45 Latest version is 1.4.5
2023-09-07 17:33:45 App is up to date.
2023-09-07 17:35:05 Loading main app package /usr/lib/obsidian/obsidian.asar
2023-09-07 17:35:05 Checking for update using Github
2023-09-07 17:35:05 Success.
2023-09-07 17:35:05 Latest version is 1.4.5
2023-09-07 17:35:05 App is up to date.
2023-09-07 17:56:44 Loading main app package /usr/lib/obsidian/obsidian.asar
2023-09-07 17:56:45 Checking for update using Github
2023-09-07 17:56:45 Success.
2023-09-07 17:56:45 Latest version is 1.4.5
2023-09-07 17:56:45 App is up to date.
2023-09-08 06:03:04 Loading main app package /usr/lib/obsidian/obsidian.asar
2023-09-08 06:03:05 Checking for update using Github
2023-09-08 06:03:05 Success.
2023-09-08 06:03:05 Latest version is 1.4.5
2023-09-08 06:03:05 App is up to date.
