00:00:00.343789 VirtualBox GUI VM Selector Window 7.0.10 r158379 linux.amd64 (Aug 11 2023 12:19:51) release log
00:00:00.343790 Log opened 2023-09-28T04:08:27.464434000Z
00:00:00.343791 Build Type: release
00:00:00.343792 OS Product: Linux
00:00:00.343792 OS Release: 6.5.3-arch1-1
00:00:00.343793 OS Version: #1 SMP PREEMPT_DYNAMIC Wed, 13 Sep 2023 08:37:40 +0000
00:00:00.343806 DMI Product Name: Blade 15 Base Model (Early 2021) - RZ09-0369
00:00:00.343811 DMI Product Version: 6.04
00:00:00.343813 Firmware type: UEFI
00:00:00.343998 Secure Boot: Disabled
00:00:00.344017 Host RAM: 15899MB (15.5GB) total, 13372MB (13.0GB) available
00:00:00.344019 Executable: /usr/lib/virtualbox/VirtualBox
00:00:00.344019 Process ID: 26924
00:00:00.344019 Package type: LINUX_64BITS_GENERIC (OSE)
00:00:00.344033 Qt version: 5.15.10
00:00:00.344326 GUI: UIMediumEnumerator: Initial medium-enumeration finished!
00:00:00.346396 GUI: UIMediumEnumerator: Medium-enumeration started...
00:00:00.346402 GUI: UIMediumEnumerator: Medium-enumeration finished!
00:00:00.757674 GUI: UIDesktopWidgetWatchdog::sltHandleHostScreenAvailableGeometryCalculated: Screen 0 work area is actually resized to: 649x33 x 625x1394
00:00:00.759448 GUI: UIDesktopWidgetWatchdog::sltHandleHostScreenAvailableGeometryCalculated: Screen 1 work area is actually resized to: 1285x33 x 625x1394
00:00:30.923426 GUI: UICommon: Handling aboutToQuit request..
