00:00:00.000093 main     VirtualBox XPCOM Server 7.0.10 r158379 linux.amd64 (Aug 11 2023 12:19:51) release log
00:00:00.000095 main     Log opened 2023-09-28T04:08:27.282627000Z
00:00:00.000095 main     Build Type: release
00:00:00.000096 main     OS Product: Linux
00:00:00.000096 main     OS Release: 6.5.3-arch1-1
00:00:00.000097 main     OS Version: #1 SMP PREEMPT_DYNAMIC Wed, 13 Sep 2023 08:37:40 +0000
00:00:00.000109 main     DMI Product Name: Blade 15 Base Model (Early 2021) - RZ09-0369
00:00:00.000113 main     DMI Product Version: 6.04
00:00:00.000116 main     Firmware type: UEFI
00:00:00.000357 main     Secure Boot: Disabled
00:00:00.000373 main     Host RAM: 15899MB (15.5GB) total, 13375MB (13.0GB) available
00:00:00.000374 main     Executable: /usr/lib/virtualbox/VBoxSVC
00:00:00.000375 main     Process ID: 26951
00:00:00.000375 main     Package type: LINUX_64BITS_GENERIC (OSE)
00:00:00.001202 main     IPC socket path: /tmp/.vbox-mikkel-ipc/ipcd
00:00:00.105352 nspr-2   VirtualBox: object creation starts
00:00:00.105536 nspr-2   Home directory: '/home/mikkel/.config/VirtualBox'
00:00:00.112519 nspr-2   Loading settings file "/home/mikkel/.config/VirtualBox/VirtualBox.xml" with version "1.12-linux"
00:00:00.142664 nspr-2   NetIfAdpCtlOut: VBoxNetAdpCtl: Error while retrieving link speed for wlo1: VBoxNetAdpCtl: ioctl failed: Operation not supported
00:00:00.157934 nspr-2   HostDnsMonitor: initializing
00:00:00.158483 nspr-2   NAT: resolv.conf: nameserver 192.168.1.254
00:00:00.158494 nspr-2   HostDnsMonitor: updating information
00:00:00.158500 nspr-2   HostDnsMonitor: old information
00:00:00.158502 nspr-2     no server entries
00:00:00.158503 nspr-2     no domain set
00:00:00.158503 nspr-2     no search string entries
00:00:00.158504 nspr-2   HostDnsMonitor: new information
00:00:00.158505 nspr-2     server 1: 192.168.1.254
00:00:00.158506 nspr-2     no domain set
00:00:00.158507 nspr-2     no search string entries
00:00:00.159920 nspr-2   Failed to open "/dev/vboxdrvu", errno=2, rc=VERR_VM_DRIVER_NOT_INSTALLED
00:00:00.160075 nspr-2   VD: VDInit finished with VINF_SUCCESS
00:00:00.160114 nspr-2   ERROR [COM]: aRC=NS_ERROR_FAILURE (0x80004005) aIID={aac6c7cb-a371-4c58-ab51-0616896b2f2c} aComponent={SystemPropertiesWrap} aText={Cannot determine default Guest Additions ISO location. Most likely they are not available}, preserve=false aResultDetail=0
00:00:00.160554 nspr-2   VirtualBox: object created
00:00:00.581501 nspr-4   WARNING [COM]: aRC=NS_ERROR_FAILURE (0x80004005) aIID={e54f6256-97a7-4947-8a78-10c013ddf4b8} aComponent={HostWrap} aText={Could not load the Host USB Proxy service: VERR_NOT_FOUND}, preserve=false aResultDetail=0
00:00:01.119324 nspr-3   Saving settings file "/home/mikkel/.config/VirtualBox/VirtualBox.xml" with version "1.12-linux"
00:00:01.132342 nspr-3   Finished saving settings file "/home/mikkel/.config/VirtualBox/VirtualBox.xml"
00:00:27.037803 nspr-4   ERROR [COM]: aRC=NS_ERROR_FAILURE (0x80004005) aIID={aac6c7cb-a371-4c58-ab51-0616896b2f2c} aComponent={SystemPropertiesWrap} aText={Cannot determine default Guest Additions ISO location. Most likely they are not available}, preserve=false aResultDetail=0
00:00:36.843077 main     VirtualBox: object deletion starts
00:00:36.843928 main     HostDnsMonitor: shutting down ...
00:00:36.844241 main     HostDnsMonitor: shut down
00:00:36.855972 Watcher  ERROR [COM]: aRC=E_ACCESSDENIED (0x80070005) aIID={7682d5eb-f00e-44f1-8ca2-99d08b1cd607} aComponent={VirtualBoxWrap} aText={The object is not ready}, preserve=false aResultDetail=0
00:00:36.856191 main     VirtualBox: object deleted
